This file contains any messages produced by compilers while
running configure, to aid debugging if configure makes a mistake.

It was created by gf2x configure 1.3.1dev, which was
generated by GNU Autoconf 2.71.  Invocation command line was

  $ /Users/samernajjar/Desktop/cado-nfs-master/gf2x/configure --disable-shared --disable-dependency-tracking --enable-fft-interface CC=/Users/samernajjar/Desktop/cado-nfs-master/build/Samers-MBP/cc CXX=/Users/samernajjar/Desktop/cado-nfs-master/build/Samers-MBP/c++ 'CFLAGS=-std=c99 -W -Wall -O2  -I/opt/anaconda3/include -I/Users/samernajjar/Desktop/cado-nfs-master' 'CXXFLAGS=-std=c++11 -O2  -I/opt/anaconda3/include -I/Users/samernajjar/Desktop/cado-nfs-master' 'LDFLAGS=-Wl,-rpath,/opt/anaconda3/lib -L/opt/anaconda3/lib'

## --------- ##
## Platform. ##
## --------- ##

hostname = Samers-MBP
uname -m = x86_64
uname -r = 20.6.0
uname -s = Darwin
uname -v = Darwin Kernel Version 20.6.0: Tue Oct 12 18:33:42 PDT 2021; root:xnu-7195.141.8~1/RELEASE_X86_64

/usr/bin/uname -p = i386
/bin/uname -X     = unknown

/bin/arch              = unknown
/usr/bin/arch -k       = unknown
/usr/convex/getsysinfo = unknown
/usr/bin/hostinfo      = Mach kernel version:
	 Darwin Kernel Version 20.6.0: Tue Oct 12 18:33:42 PDT 2021; root:xnu-7195.141.8~1/RELEASE_X86_64
Kernel configured for up to 16 processors.
8 processors are physically available.
16 processors are logically available.
Processor type: x86_64h (Intel x86-64h Haswell)
Processors active: 0 1 2 3 4 5 6 7 8 9 10 11 12 13 14 15
Primary memory available: 16.00 gigabytes
Default processor set: 607 tasks, 3013 threads, 16 processors
Load average: 7.59, Mach factor: 9.13
/bin/machine           = unknown
/usr/bin/oslevel       = unknown
/bin/universe          = unknown

PATH: /opt/anaconda3/bin/
PATH: /opt/anaconda3/condabin/
PATH: /usr/local/bin/
PATH: /usr/bin/
PATH: /bin/
PATH: /usr/sbin/
PATH: /sbin/
PATH: /Library/TeX/texbin/
PATH: /Library/Apple/usr/bin/


## ----------- ##
## Core tests. ##
## ----------- ##

configure:3099: looking for aux files: ltmain.sh missing install-sh compile config.guess config.sub
configure:3112:  trying /Users/samernajjar/Desktop/cado-nfs-master/gf2x/config/
configure:3141:   /Users/samernajjar/Desktop/cado-nfs-master/gf2x/config/ltmain.sh found
configure:3141:   /Users/samernajjar/Desktop/cado-nfs-master/gf2x/config/missing found
configure:3123:   /Users/samernajjar/Desktop/cado-nfs-master/gf2x/config/install-sh found
configure:3141:   /Users/samernajjar/Desktop/cado-nfs-master/gf2x/config/compile found
configure:3141:   /Users/samernajjar/Desktop/cado-nfs-master/gf2x/config/config.guess found
configure:3141:   /Users/samernajjar/Desktop/cado-nfs-master/gf2x/config/config.sub found
configure:3305: checking build system type
configure:3320: result: x86_64-apple-darwin20.6.0
configure:3340: checking host system type
configure:3354: result: x86_64-apple-darwin20.6.0
configure:3374: checking target system type
configure:3388: result: x86_64-apple-darwin20.6.0
configure:3487: checking for gcc
configure:3519: result: /Users/samernajjar/Desktop/cado-nfs-master/build/Samers-MBP/cc
configure:3872: checking for C compiler version
configure:3881: /Users/samernajjar/Desktop/cado-nfs-master/build/Samers-MBP/cc --version >&5
Apple clang version 13.0.0 (clang-1300.0.29.30)
Target: x86_64-apple-darwin20.6.0
Thread model: posix
InstalledDir: /Library/Developer/CommandLineTools/usr/bin
configure:3892: $? = 0
configure:3881: /Users/samernajjar/Desktop/cado-nfs-master/build/Samers-MBP/cc -v >&5
Apple clang version 13.0.0 (clang-1300.0.29.30)
Target: x86_64-apple-darwin20.6.0
Thread model: posix
InstalledDir: /Library/Developer/CommandLineTools/usr/bin
configure:3892: $? = 0
configure:3881: /Users/samernajjar/Desktop/cado-nfs-master/build/Samers-MBP/cc -V >&5
clang: error: argument to '-V' is missing (expected 1 value)
clang: error: no input files
configure:3892: $? = 1
configure:3881: /Users/samernajjar/Desktop/cado-nfs-master/build/Samers-MBP/cc -qversion >&5
clang: error: unknown argument '-qversion'; did you mean '--version'?
clang: error: no input files
configure:3892: $? = 1
configure:3881: /Users/samernajjar/Desktop/cado-nfs-master/build/Samers-MBP/cc -version >&5
clang: error: unknown argument '-version'; did you mean '--version'?
clang: error: no input files
configure:3892: $? = 1
configure:3912: checking whether the C compiler works
configure:3934: /Users/samernajjar/Desktop/cado-nfs-master/build/Samers-MBP/cc -std=c99 -W -Wall -O2  -I/opt/anaconda3/include -I/Users/samernajjar/Desktop/cado-nfs-master  -Wl,-rpath,/opt/anaconda3/lib -L/opt/anaconda3/lib conftest.c  >&5
configure:3938: $? = 0
configure:3988: result: yes
configure:3991: checking for C compiler default output file name
configure:3993: result: a.out
configure:3999: checking for suffix of executables
configure:4006: /Users/samernajjar/Desktop/cado-nfs-master/build/Samers-MBP/cc -o conftest -std=c99 -W -Wall -O2  -I/opt/anaconda3/include -I/Users/samernajjar/Desktop/cado-nfs-master  -Wl,-rpath,/opt/anaconda3/lib -L/opt/anaconda3/lib conftest.c  >&5
configure:4010: $? = 0
configure:4033: result: 
configure:4055: checking whether we are cross compiling
configure:4063: /Users/samernajjar/Desktop/cado-nfs-master/build/Samers-MBP/cc -o conftest -std=c99 -W -Wall -O2  -I/opt/anaconda3/include -I/Users/samernajjar/Desktop/cado-nfs-master  -Wl,-rpath,/opt/anaconda3/lib -L/opt/anaconda3/lib conftest.c  >&5
configure:4067: $? = 0
configure:4074: ./conftest
configure:4078: $? = 0
configure:4093: result: no
configure:4098: checking for suffix of object files
configure:4121: /Users/samernajjar/Desktop/cado-nfs-master/build/Samers-MBP/cc -c -std=c99 -W -Wall -O2  -I/opt/anaconda3/include -I/Users/samernajjar/Desktop/cado-nfs-master  conftest.c >&5
configure:4125: $? = 0
configure:4147: result: o
configure:4151: checking whether the compiler supports GNU C
configure:4171: /Users/samernajjar/Desktop/cado-nfs-master/build/Samers-MBP/cc -c -std=c99 -W -Wall -O2  -I/opt/anaconda3/include -I/Users/samernajjar/Desktop/cado-nfs-master  conftest.c >&5
configure:4171: $? = 0
configure:4181: result: yes
configure:4192: checking whether /Users/samernajjar/Desktop/cado-nfs-master/build/Samers-MBP/cc accepts -g
configure:4213: /Users/samernajjar/Desktop/cado-nfs-master/build/Samers-MBP/cc -c -g  conftest.c >&5
configure:4213: $? = 0
configure:4257: result: yes
configure:4277: checking for /Users/samernajjar/Desktop/cado-nfs-master/build/Samers-MBP/cc option to enable C11 features
configure:4292: /Users/samernajjar/Desktop/cado-nfs-master/build/Samers-MBP/cc  -c -std=c99 -W -Wall -O2  -I/opt/anaconda3/include -I/Users/samernajjar/Desktop/cado-nfs-master  conftest.c >&5
conftest.c:165:3: error: "Compiler does not advertise C11 conformance"
# error "Compiler does not advertise C11 conformance"
  ^
conftest.c:197:29: error: use of undeclared identifier 'syntax'
char const utf8_literal[] = u8"happens to be ASCII" "another string";
                            ^
conftest.c:196:12: note: expanded from macro 'u8'
#define u8 syntax error!
           ^
conftest.c:197:29: error: expected ';' after top level declarator
conftest.c:196:19: note: expanded from macro 'u8'
#define u8 syntax error!
                  ^
conftest.c:201:19: warning: redefinition of typedef 'long_ptr' is a C11 feature [-Wtypedef-redefinition]
typedef long int *long_ptr;
                  ^
conftest.c:200:15: note: previous definition is here
typedef long *long_ptr;
              ^
conftest.c:202:18: warning: redefinition of typedef 'long_ptr' is a C11 feature [-Wtypedef-redefinition]
typedef long_ptr long_ptr;
                 ^
conftest.c:201:19: note: previous definition is here
typedef long int *long_ptr;
                  ^
2 warnings and 3 errors generated.
configure:4292: $? = 1
configure: failed program was:
| /* confdefs.h */
| #define PACKAGE_NAME "gf2x"
| #define PACKAGE_TARNAME "gf2x"
| #define PACKAGE_VERSION "1.3.1dev"
| #define PACKAGE_STRING "gf2x 1.3.1dev"
| #define PACKAGE_BUGREPORT ""
| #define PACKAGE_URL ""
| /* end confdefs.h.  */
| 
| /* Does the compiler advertise C89 conformance?
|    Do not test the value of __STDC__, because some compilers set it to 0
|    while being otherwise adequately conformant. */
| #if !defined __STDC__
| # error "Compiler does not advertise C89 conformance"
| #endif
| 
| #include <stddef.h>
| #include <stdarg.h>
| struct stat;
| /* Most of the following tests are stolen from RCS 5.7 src/conf.sh.  */
| struct buf { int x; };
| struct buf * (*rcsopen) (struct buf *, struct stat *, int);
| static char *e (p, i)
|      char **p;
|      int i;
| {
|   return p[i];
| }
| static char *f (char * (*g) (char **, int), char **p, ...)
| {
|   char *s;
|   va_list v;
|   va_start (v,p);
|   s = g (p, va_arg (v,int));
|   va_end (v);
|   return s;
| }
| 
| /* OSF 4.0 Compaq cc is some sort of almost-ANSI by default.  It has
|    function prototypes and stuff, but not \xHH hex character constants.
|    These do not provoke an error unfortunately, instead are silently treated
|    as an "x".  The following induces an error, until -std is added to get
|    proper ANSI mode.  Curiously \x00 != x always comes out true, for an
|    array size at least.  It is necessary to write \x00 == 0 to get something
|    that is true only with -std.  */
| int osf4_cc_array ['\x00' == 0 ? 1 : -1];
| 
| /* IBM C 6 for AIX is almost-ANSI by default, but it replaces macro parameters
|    inside strings and character constants.  */
| #define FOO(x) 'x'
| int xlc6_cc_array[FOO(a) == 'x' ? 1 : -1];
| 
| int test (int i, double x);
| struct s1 {int (*f) (int a);};
| struct s2 {int (*f) (double a);};
| int pairnames (int, char **, int *(*)(struct buf *, struct stat *, int),
|                int, int);
| 
| // Does the compiler advertise C99 conformance?
| #if !defined __STDC_VERSION__ || __STDC_VERSION__ < 199901L
| # error "Compiler does not advertise C99 conformance"
| #endif
| 
| #include <stdbool.h>
| extern int puts (const char *);
| extern int printf (const char *, ...);
| extern int dprintf (int, const char *, ...);
| extern void *malloc (size_t);
| 
| // Check varargs macros.  These examples are taken from C99 6.10.3.5.
| // dprintf is used instead of fprintf to avoid needing to declare
| // FILE and stderr.
| #define debug(...) dprintf (2, __VA_ARGS__)
| #define showlist(...) puts (#__VA_ARGS__)
| #define report(test,...) ((test) ? puts (#test) : printf (__VA_ARGS__))
| static void
| test_varargs_macros (void)
| {
|   int x = 1234;
|   int y = 5678;
|   debug ("Flag");
|   debug ("X = %d\n", x);
|   showlist (The first, second, and third items.);
|   report (x>y, "x is %d but y is %d", x, y);
| }
| 
| // Check long long types.
| #define BIG64 18446744073709551615ull
| #define BIG32 4294967295ul
| #define BIG_OK (BIG64 / BIG32 == 4294967297ull && BIG64 % BIG32 == 0)
| #if !BIG_OK
|   #error "your preprocessor is broken"
| #endif
| #if BIG_OK
| #else
|   #error "your preprocessor is broken"
| #endif
| static long long int bignum = -9223372036854775807LL;
| static unsigned long long int ubignum = BIG64;
| 
| struct incomplete_array
| {
|   int datasize;
|   double data[];
| };
| 
| struct named_init {
|   int number;
|   const wchar_t *name;
|   double average;
| };
| 
| typedef const char *ccp;
| 
| static inline int
| test_restrict (ccp restrict text)
| {
|   // See if C++-style comments work.
|   // Iterate through items via the restricted pointer.
|   // Also check for declarations in for loops.
|   for (unsigned int i = 0; *(text+i) != '\0'; ++i)
|     continue;
|   return 0;
| }
| 
| // Check varargs and va_copy.
| static bool
| test_varargs (const char *format, ...)
| {
|   va_list args;
|   va_start (args, format);
|   va_list args_copy;
|   va_copy (args_copy, args);
| 
|   const char *str = "";
|   int number = 0;
|   float fnumber = 0;
| 
|   while (*format)
|     {
|       switch (*format++)
| 	{
| 	case 's': // string
| 	  str = va_arg (args_copy, const char *);
| 	  break;
| 	case 'd': // int
| 	  number = va_arg (args_copy, int);
| 	  break;
| 	case 'f': // float
| 	  fnumber = va_arg (args_copy, double);
| 	  break;
| 	default:
| 	  break;
| 	}
|     }
|   va_end (args_copy);
|   va_end (args);
| 
|   return *str && number && fnumber;
| }
| 
| 
| // Does the compiler advertise C11 conformance?
| #if !defined __STDC_VERSION__ || __STDC_VERSION__ < 201112L
| # error "Compiler does not advertise C11 conformance"
| #endif
| 
| // Check _Alignas.
| char _Alignas (double) aligned_as_double;
| char _Alignas (0) no_special_alignment;
| extern char aligned_as_int;
| char _Alignas (0) _Alignas (int) aligned_as_int;
| 
| // Check _Alignof.
| enum
| {
|   int_alignment = _Alignof (int),
|   int_array_alignment = _Alignof (int[100]),
|   char_alignment = _Alignof (char)
| };
| _Static_assert (0 < -_Alignof (int), "_Alignof is signed");
| 
| // Check _Noreturn.
| int _Noreturn does_not_return (void) { for (;;) continue; }
| 
| // Check _Static_assert.
| struct test_static_assert
| {
|   int x;
|   _Static_assert (sizeof (int) <= sizeof (long int),
|                   "_Static_assert does not work in struct");
|   long int y;
| };
| 
| // Check UTF-8 literals.
| #define u8 syntax error!
| char const utf8_literal[] = u8"happens to be ASCII" "another string";
| 
| // Check duplicate typedefs.
| typedef long *long_ptr;
| typedef long int *long_ptr;
| typedef long_ptr long_ptr;
| 
| // Anonymous structures and unions -- taken from C11 6.7.2.1 Example 1.
| struct anonymous
| {
|   union {
|     struct { int i; int j; };
|     struct { int k; long int l; } w;
|   };
|   int m;
| } v1;
| 
| 
| int
| main (int argc, char **argv)
| {
|   int ok = 0;
|   
| ok |= (argc == 0 || f (e, argv, 0) != argv[0] || f (e, argv, 1) != argv[1]);
| 
|   
|   // Check bool.
|   _Bool success = false;
|   success |= (argc != 0);
| 
|   // Check restrict.
|   if (test_restrict ("String literal") == 0)
|     success = true;
|   char *restrict newvar = "Another string";
| 
|   // Check varargs.
|   success &= test_varargs ("s, d' f .", "string", 65, 34.234);
|   test_varargs_macros ();
| 
|   // Check flexible array members.
|   struct incomplete_array *ia =
|     malloc (sizeof (struct incomplete_array) + (sizeof (double) * 10));
|   ia->datasize = 10;
|   for (int i = 0; i < ia->datasize; ++i)
|     ia->data[i] = i * 1.234;
| 
|   // Check named initializers.
|   struct named_init ni = {
|     .number = 34,
|     .name = L"Test wide string",
|     .average = 543.34343,
|   };
| 
|   ni.number = 58;
| 
|   int dynamic_array[ni.number];
|   dynamic_array[0] = argv[0][0];
|   dynamic_array[ni.number - 1] = 543;
| 
|   // work around unused variable warnings
|   ok |= (!success || bignum == 0LL || ubignum == 0uLL || newvar[0] == 'x'
| 	 || dynamic_array[ni.number - 1] != 543);
| 
|   
|   _Static_assert ((offsetof (struct anonymous, i)
| 		   == offsetof (struct anonymous, w.k)),
| 		  "Anonymous union alignment botch");
|   v1.i = 2;
|   v1.w.k = 5;
|   ok |= v1.i != 5;
| 
|   return ok;
| }
| 
configure:4292: /Users/samernajjar/Desktop/cado-nfs-master/build/Samers-MBP/cc -std=gnu11 -c -std=c99 -W -Wall -O2  -I/opt/anaconda3/include -I/Users/samernajjar/Desktop/cado-nfs-master  conftest.c >&5
conftest.c:165:3: error: "Compiler does not advertise C11 conformance"
# error "Compiler does not advertise C11 conformance"
  ^
conftest.c:197:29: error: use of undeclared identifier 'syntax'
char const utf8_literal[] = u8"happens to be ASCII" "another string";
                            ^
conftest.c:196:12: note: expanded from macro 'u8'
#define u8 syntax error!
           ^
conftest.c:197:29: error: expected ';' after top level declarator
conftest.c:196:19: note: expanded from macro 'u8'
#define u8 syntax error!
                  ^
conftest.c:201:19: warning: redefinition of typedef 'long_ptr' is a C11 feature [-Wtypedef-redefinition]
typedef long int *long_ptr;
                  ^
conftest.c:200:15: note: previous definition is here
typedef long *long_ptr;
              ^
conftest.c:202:18: warning: redefinition of typedef 'long_ptr' is a C11 feature [-Wtypedef-redefinition]
typedef long_ptr long_ptr;
                 ^
conftest.c:201:19: note: previous definition is here
typedef long int *long_ptr;
                  ^
2 warnings and 3 errors generated.
configure:4292: $? = 1
configure: failed program was:
| /* confdefs.h */
| #define PACKAGE_NAME "gf2x"
| #define PACKAGE_TARNAME "gf2x"
| #define PACKAGE_VERSION "1.3.1dev"
| #define PACKAGE_STRING "gf2x 1.3.1dev"
| #define PACKAGE_BUGREPORT ""
| #define PACKAGE_URL ""
| /* end confdefs.h.  */
| 
| /* Does the compiler advertise C89 conformance?
|    Do not test the value of __STDC__, because some compilers set it to 0
|    while being otherwise adequately conformant. */
| #if !defined __STDC__
| # error "Compiler does not advertise C89 conformance"
| #endif
| 
| #include <stddef.h>
| #include <stdarg.h>
| struct stat;
| /* Most of the following tests are stolen from RCS 5.7 src/conf.sh.  */
| struct buf { int x; };
| struct buf * (*rcsopen) (struct buf *, struct stat *, int);
| static char *e (p, i)
|      char **p;
|      int i;
| {
|   return p[i];
| }
| static char *f (char * (*g) (char **, int), char **p, ...)
| {
|   char *s;
|   va_list v;
|   va_start (v,p);
|   s = g (p, va_arg (v,int));
|   va_end (v);
|   return s;
| }
| 
| /* OSF 4.0 Compaq cc is some sort of almost-ANSI by default.  It has
|    function prototypes and stuff, but not \xHH hex character constants.
|    These do not provoke an error unfortunately, instead are silently treated
|    as an "x".  The following induces an error, until -std is added to get
|    proper ANSI mode.  Curiously \x00 != x always comes out true, for an
|    array size at least.  It is necessary to write \x00 == 0 to get something
|    that is true only with -std.  */
| int osf4_cc_array ['\x00' == 0 ? 1 : -1];
| 
| /* IBM C 6 for AIX is almost-ANSI by default, but it replaces macro parameters
|    inside strings and character constants.  */
| #define FOO(x) 'x'
| int xlc6_cc_array[FOO(a) == 'x' ? 1 : -1];
| 
| int test (int i, double x);
| struct s1 {int (*f) (int a);};
| struct s2 {int (*f) (double a);};
| int pairnames (int, char **, int *(*)(struct buf *, struct stat *, int),
|                int, int);
| 
| // Does the compiler advertise C99 conformance?
| #if !defined __STDC_VERSION__ || __STDC_VERSION__ < 199901L
| # error "Compiler does not advertise C99 conformance"
| #endif
| 
| #include <stdbool.h>
| extern int puts (const char *);
| extern int printf (const char *, ...);
| extern int dprintf (int, const char *, ...);
| extern void *malloc (size_t);
| 
| // Check varargs macros.  These examples are taken from C99 6.10.3.5.
| // dprintf is used instead of fprintf to avoid needing to declare
| // FILE and stderr.
| #define debug(...) dprintf (2, __VA_ARGS__)
| #define showlist(...) puts (#__VA_ARGS__)
| #define report(test,...) ((test) ? puts (#test) : printf (__VA_ARGS__))
| static void
| test_varargs_macros (void)
| {
|   int x = 1234;
|   int y = 5678;
|   debug ("Flag");
|   debug ("X = %d\n", x);
|   showlist (The first, second, and third items.);
|   report (x>y, "x is %d but y is %d", x, y);
| }
| 
| // Check long long types.
| #define BIG64 18446744073709551615ull
| #define BIG32 4294967295ul
| #define BIG_OK (BIG64 / BIG32 == 4294967297ull && BIG64 % BIG32 == 0)
| #if !BIG_OK
|   #error "your preprocessor is broken"
| #endif
| #if BIG_OK
| #else
|   #error "your preprocessor is broken"
| #endif
| static long long int bignum = -9223372036854775807LL;
| static unsigned long long int ubignum = BIG64;
| 
| struct incomplete_array
| {
|   int datasize;
|   double data[];
| };
| 
| struct named_init {
|   int number;
|   const wchar_t *name;
|   double average;
| };
| 
| typedef const char *ccp;
| 
| static inline int
| test_restrict (ccp restrict text)
| {
|   // See if C++-style comments work.
|   // Iterate through items via the restricted pointer.
|   // Also check for declarations in for loops.
|   for (unsigned int i = 0; *(text+i) != '\0'; ++i)
|     continue;
|   return 0;
| }
| 
| // Check varargs and va_copy.
| static bool
| test_varargs (const char *format, ...)
| {
|   va_list args;
|   va_start (args, format);
|   va_list args_copy;
|   va_copy (args_copy, args);
| 
|   const char *str = "";
|   int number = 0;
|   float fnumber = 0;
| 
|   while (*format)
|     {
|       switch (*format++)
| 	{
| 	case 's': // string
| 	  str = va_arg (args_copy, const char *);
| 	  break;
| 	case 'd': // int
| 	  number = va_arg (args_copy, int);
| 	  break;
| 	case 'f': // float
| 	  fnumber = va_arg (args_copy, double);
| 	  break;
| 	default:
| 	  break;
| 	}
|     }
|   va_end (args_copy);
|   va_end (args);
| 
|   return *str && number && fnumber;
| }
| 
| 
| // Does the compiler advertise C11 conformance?
| #if !defined __STDC_VERSION__ || __STDC_VERSION__ < 201112L
| # error "Compiler does not advertise C11 conformance"
| #endif
| 
| // Check _Alignas.
| char _Alignas (double) aligned_as_double;
| char _Alignas (0) no_special_alignment;
| extern char aligned_as_int;
| char _Alignas (0) _Alignas (int) aligned_as_int;
| 
| // Check _Alignof.
| enum
| {
|   int_alignment = _Alignof (int),
|   int_array_alignment = _Alignof (int[100]),
|   char_alignment = _Alignof (char)
| };
| _Static_assert (0 < -_Alignof (int), "_Alignof is signed");
| 
| // Check _Noreturn.
| int _Noreturn does_not_return (void) { for (;;) continue; }
| 
| // Check _Static_assert.
| struct test_static_assert
| {
|   int x;
|   _Static_assert (sizeof (int) <= sizeof (long int),
|                   "_Static_assert does not work in struct");
|   long int y;
| };
| 
| // Check UTF-8 literals.
| #define u8 syntax error!
| char const utf8_literal[] = u8"happens to be ASCII" "another string";
| 
| // Check duplicate typedefs.
| typedef long *long_ptr;
| typedef long int *long_ptr;
| typedef long_ptr long_ptr;
| 
| // Anonymous structures and unions -- taken from C11 6.7.2.1 Example 1.
| struct anonymous
| {
|   union {
|     struct { int i; int j; };
|     struct { int k; long int l; } w;
|   };
|   int m;
| } v1;
| 
| 
| int
| main (int argc, char **argv)
| {
|   int ok = 0;
|   
| ok |= (argc == 0 || f (e, argv, 0) != argv[0] || f (e, argv, 1) != argv[1]);
| 
|   
|   // Check bool.
|   _Bool success = false;
|   success |= (argc != 0);
| 
|   // Check restrict.
|   if (test_restrict ("String literal") == 0)
|     success = true;
|   char *restrict newvar = "Another string";
| 
|   // Check varargs.
|   success &= test_varargs ("s, d' f .", "string", 65, 34.234);
|   test_varargs_macros ();
| 
|   // Check flexible array members.
|   struct incomplete_array *ia =
|     malloc (sizeof (struct incomplete_array) + (sizeof (double) * 10));
|   ia->datasize = 10;
|   for (int i = 0; i < ia->datasize; ++i)
|     ia->data[i] = i * 1.234;
| 
|   // Check named initializers.
|   struct named_init ni = {
|     .number = 34,
|     .name = L"Test wide string",
|     .average = 543.34343,
|   };
| 
|   ni.number = 58;
| 
|   int dynamic_array[ni.number];
|   dynamic_array[0] = argv[0][0];
|   dynamic_array[ni.number - 1] = 543;
| 
|   // work around unused variable warnings
|   ok |= (!success || bignum == 0LL || ubignum == 0uLL || newvar[0] == 'x'
| 	 || dynamic_array[ni.number - 1] != 543);
| 
|   
|   _Static_assert ((offsetof (struct anonymous, i)
| 		   == offsetof (struct anonymous, w.k)),
| 		  "Anonymous union alignment botch");
|   v1.i = 2;
|   v1.w.k = 5;
|   ok |= v1.i != 5;
| 
|   return ok;
| }
| 
configure:4305: result: unsupported
configure:4323: checking for /Users/samernajjar/Desktop/cado-nfs-master/build/Samers-MBP/cc option to enable C99 features
configure:4338: /Users/samernajjar/Desktop/cado-nfs-master/build/Samers-MBP/cc  -c -std=c99 -W -Wall -O2  -I/opt/anaconda3/include -I/Users/samernajjar/Desktop/cado-nfs-master  conftest.c >&5
configure:4338: $? = 0
configure:4356: result: none needed
configure:4426: checking whether /Users/samernajjar/Desktop/cado-nfs-master/build/Samers-MBP/cc understands -c and -o together
configure:4449: /Users/samernajjar/Desktop/cado-nfs-master/build/Samers-MBP/cc -c conftest.c -o conftest2.o
configure:4452: $? = 0
configure:4449: /Users/samernajjar/Desktop/cado-nfs-master/build/Samers-MBP/cc -c conftest.c -o conftest2.o
configure:4452: $? = 0
configure:4464: result: yes
configure:4482: checking for C compiler vendor
configure:4540: /Users/samernajjar/Desktop/cado-nfs-master/build/Samers-MBP/cc -c -std=c99 -W -Wall -O2  -I/opt/anaconda3/include -I/Users/samernajjar/Desktop/cado-nfs-master  conftest.c >&5
conftest.c:15:7: error: use of undeclared identifier 'thisisanerror'
      thisisanerror;
      ^
1 error generated.
configure:4540: $? = 1
configure: failed program was:
| /* confdefs.h */
| #define PACKAGE_NAME "gf2x"
| #define PACKAGE_TARNAME "gf2x"
| #define PACKAGE_VERSION "1.3.1dev"
| #define PACKAGE_STRING "gf2x 1.3.1dev"
| #define PACKAGE_BUGREPORT ""
| #define PACKAGE_URL ""
| /* end confdefs.h.  */
| 
| int
| main (void)
| {
| 
| #if !(defined(__ICC) || defined(__ECC) || defined(__INTEL_COMPILER))
|       thisisanerror;
| #endif
| 
|   ;
|   return 0;
| }
configure:4540: /Users/samernajjar/Desktop/cado-nfs-master/build/Samers-MBP/cc -c -std=c99 -W -Wall -O2  -I/opt/anaconda3/include -I/Users/samernajjar/Desktop/cado-nfs-master  conftest.c >&5
conftest.c:15:7: error: use of undeclared identifier 'thisisanerror'
      thisisanerror;
      ^
1 error generated.
configure:4540: $? = 1
configure: failed program was:
| /* confdefs.h */
| #define PACKAGE_NAME "gf2x"
| #define PACKAGE_TARNAME "gf2x"
| #define PACKAGE_VERSION "1.3.1dev"
| #define PACKAGE_STRING "gf2x 1.3.1dev"
| #define PACKAGE_BUGREPORT ""
| #define PACKAGE_URL ""
| /* end confdefs.h.  */
| 
| int
| main (void)
| {
| 
| #if !(defined(__xlc__) || defined(__xlC__) || defined(__IBMC__) || defined(__IBMCPP__) || defined(__ibmxl__))
|       thisisanerror;
| #endif
| 
|   ;
|   return 0;
| }
configure:4540: /Users/samernajjar/Desktop/cado-nfs-master/build/Samers-MBP/cc -c -std=c99 -W -Wall -O2  -I/opt/anaconda3/include -I/Users/samernajjar/Desktop/cado-nfs-master  conftest.c >&5
conftest.c:15:7: error: use of undeclared identifier 'thisisanerror'
      thisisanerror;
      ^
1 error generated.
configure:4540: $? = 1
configure: failed program was:
| /* confdefs.h */
| #define PACKAGE_NAME "gf2x"
| #define PACKAGE_TARNAME "gf2x"
| #define PACKAGE_VERSION "1.3.1dev"
| #define PACKAGE_STRING "gf2x 1.3.1dev"
| #define PACKAGE_BUGREPORT ""
| #define PACKAGE_URL ""
| /* end confdefs.h.  */
| 
| int
| main (void)
| {
| 
| #if !(defined(__PATHCC__) || defined(__PATHSCALE__))
|       thisisanerror;
| #endif
| 
|   ;
|   return 0;
| }
configure:4540: /Users/samernajjar/Desktop/cado-nfs-master/build/Samers-MBP/cc -c -std=c99 -W -Wall -O2  -I/opt/anaconda3/include -I/Users/samernajjar/Desktop/cado-nfs-master  conftest.c >&5
configure:4540: $? = 0
configure:4550: result: clang
configure:4553: checking for a sed that does not truncate output
configure:4623: result: /usr/bin/sed
configure:4630: checking for C compiler version
configure:4805: /Users/samernajjar/Desktop/cado-nfs-master/build/Samers-MBP/cc -o conftest -std=c99 -W -Wall -O2  -I/opt/anaconda3/include -I/Users/samernajjar/Desktop/cado-nfs-master  -Wl,-rpath,/opt/anaconda3/lib -L/opt/anaconda3/lib conftest.c  >&5
configure:4805: $? = 0
configure:4805: ./conftest
configure:4805: $? = 0
configure:4815: /Users/samernajjar/Desktop/cado-nfs-master/build/Samers-MBP/cc -o conftest -std=c99 -W -Wall -O2  -I/opt/anaconda3/include -I/Users/samernajjar/Desktop/cado-nfs-master  -Wl,-rpath,/opt/anaconda3/lib -L/opt/anaconda3/lib conftest.c  >&5
configure:4815: $? = 0
configure:4815: ./conftest
configure:4815: $? = 0
configure:4825: /Users/samernajjar/Desktop/cado-nfs-master/build/Samers-MBP/cc -o conftest -std=c99 -W -Wall -O2  -I/opt/anaconda3/include -I/Users/samernajjar/Desktop/cado-nfs-master  -Wl,-rpath,/opt/anaconda3/lib -L/opt/anaconda3/lib conftest.c  >&5
configure:4825: $? = 0
configure:4825: ./conftest
configure:4825: $? = 0
configure:5662: result: 13.0.0
configure:5670: checking for stdio.h
configure:5670: /Users/samernajjar/Desktop/cado-nfs-master/build/Samers-MBP/cc -c -std=c99 -W -Wall -O2  -I/opt/anaconda3/include -I/Users/samernajjar/Desktop/cado-nfs-master  conftest.c >&5
configure:5670: $? = 0
configure:5670: result: yes
configure:5670: checking for stdlib.h
configure:5670: /Users/samernajjar/Desktop/cado-nfs-master/build/Samers-MBP/cc -c -std=c99 -W -Wall -O2  -I/opt/anaconda3/include -I/Users/samernajjar/Desktop/cado-nfs-master  conftest.c >&5
configure:5670: $? = 0
configure:5670: result: yes
configure:5670: checking for string.h
configure:5670: /Users/samernajjar/Desktop/cado-nfs-master/build/Samers-MBP/cc -c -std=c99 -W -Wall -O2  -I/opt/anaconda3/include -I/Users/samernajjar/Desktop/cado-nfs-master  conftest.c >&5
configure:5670: $? = 0
configure:5670: result: yes
configure:5670: checking for inttypes.h
configure:5670: /Users/samernajjar/Desktop/cado-nfs-master/build/Samers-MBP/cc -c -std=c99 -W -Wall -O2  -I/opt/anaconda3/include -I/Users/samernajjar/Desktop/cado-nfs-master  conftest.c >&5
configure:5670: $? = 0
configure:5670: result: yes
configure:5670: checking for stdint.h
configure:5670: /Users/samernajjar/Desktop/cado-nfs-master/build/Samers-MBP/cc -c -std=c99 -W -Wall -O2  -I/opt/anaconda3/include -I/Users/samernajjar/Desktop/cado-nfs-master  conftest.c >&5
configure:5670: $? = 0
configure:5670: result: yes
configure:5670: checking for strings.h
configure:5670: /Users/samernajjar/Desktop/cado-nfs-master/build/Samers-MBP/cc -c -std=c99 -W -Wall -O2  -I/opt/anaconda3/include -I/Users/samernajjar/Desktop/cado-nfs-master  conftest.c >&5
configure:5670: $? = 0
configure:5670: result: yes
configure:5670: checking for sys/stat.h
configure:5670: /Users/samernajjar/Desktop/cado-nfs-master/build/Samers-MBP/cc -c -std=c99 -W -Wall -O2  -I/opt/anaconda3/include -I/Users/samernajjar/Desktop/cado-nfs-master  conftest.c >&5
configure:5670: $? = 0
configure:5670: result: yes
configure:5670: checking for sys/types.h
configure:5670: /Users/samernajjar/Desktop/cado-nfs-master/build/Samers-MBP/cc -c -std=c99 -W -Wall -O2  -I/opt/anaconda3/include -I/Users/samernajjar/Desktop/cado-nfs-master  conftest.c >&5
configure:5670: $? = 0
configure:5670: result: yes
configure:5670: checking for unistd.h
configure:5670: /Users/samernajjar/Desktop/cado-nfs-master/build/Samers-MBP/cc -c -std=c99 -W -Wall -O2  -I/opt/anaconda3/include -I/Users/samernajjar/Desktop/cado-nfs-master  conftest.c >&5
configure:5670: $? = 0
configure:5670: result: yes
configure:5695: checking for size_t
configure:5695: /Users/samernajjar/Desktop/cado-nfs-master/build/Samers-MBP/cc -c -std=c99 -W -Wall -O2  -I/opt/anaconda3/include -I/Users/samernajjar/Desktop/cado-nfs-master  conftest.c >&5
configure:5695: $? = 0
configure:5695: /Users/samernajjar/Desktop/cado-nfs-master/build/Samers-MBP/cc -c -std=c99 -W -Wall -O2  -I/opt/anaconda3/include -I/Users/samernajjar/Desktop/cado-nfs-master  conftest.c >&5
conftest.c:50:21: error: expected expression
if (sizeof ((size_t)))
                    ^
1 error generated.
configure:5695: $? = 1
configure: failed program was:
| /* confdefs.h */
| #define PACKAGE_NAME "gf2x"
| #define PACKAGE_TARNAME "gf2x"
| #define PACKAGE_VERSION "1.3.1dev"
| #define PACKAGE_STRING "gf2x 1.3.1dev"
| #define PACKAGE_BUGREPORT ""
| #define PACKAGE_URL ""
| #define HAVE_STDIO_H 1
| #define HAVE_STDLIB_H 1
| #define HAVE_STRING_H 1
| #define HAVE_INTTYPES_H 1
| #define HAVE_STDINT_H 1
| #define HAVE_STRINGS_H 1
| #define HAVE_SYS_STAT_H 1
| #define HAVE_SYS_TYPES_H 1
| #define HAVE_UNISTD_H 1
| #define STDC_HEADERS 1
| /* end confdefs.h.  */
| #include <stddef.h>
| #ifdef HAVE_STDIO_H
| # include <stdio.h>
| #endif
| #ifdef HAVE_STDLIB_H
| # include <stdlib.h>
| #endif
| #ifdef HAVE_STRING_H
| # include <string.h>
| #endif
| #ifdef HAVE_INTTYPES_H
| # include <inttypes.h>
| #endif
| #ifdef HAVE_STDINT_H
| # include <stdint.h>
| #endif
| #ifdef HAVE_STRINGS_H
| # include <strings.h>
| #endif
| #ifdef HAVE_SYS_TYPES_H
| # include <sys/types.h>
| #endif
| #ifdef HAVE_SYS_STAT_H
| # include <sys/stat.h>
| #endif
| #ifdef HAVE_UNISTD_H
| # include <unistd.h>
| #endif
| int
| main (void)
| {
| if (sizeof ((size_t)))
| 	    return 0;
|   ;
|   return 0;
| }
configure:5695: result: yes
configure:5707: checking for working alloca.h
configure:5725: /Users/samernajjar/Desktop/cado-nfs-master/build/Samers-MBP/cc -o conftest -std=c99 -W -Wall -O2  -I/opt/anaconda3/include -I/Users/samernajjar/Desktop/cado-nfs-master  -Wl,-rpath,/opt/anaconda3/lib -L/opt/anaconda3/lib conftest.c  >&5
configure:5725: $? = 0
configure:5734: result: yes
configure:5742: checking for alloca
configure:5787: result: yes
configure:5884: checking for a BSD-compatible install
configure:5957: result: /usr/bin/install -c
configure:5968: checking whether build environment is sane
configure:6023: result: yes
configure:6178: checking for a race-free mkdir -p
configure:6222: result: /Users/samernajjar/Desktop/cado-nfs-master/gf2x/config/install-sh -c -d
configure:6229: checking for gawk
configure:6264: result: no
configure:6229: checking for mawk
configure:6264: result: no
configure:6229: checking for nawk
configure:6264: result: no
configure:6229: checking for awk
configure:6250: found /usr/bin/awk
configure:6261: result: awk
configure:6272: checking whether /Library/Developer/CommandLineTools/usr/bin/make sets $(MAKE)
configure:6295: result: yes
configure:6317: checking whether /Library/Developer/CommandLineTools/usr/bin/make supports the include directive
configure:6332: /Library/Developer/CommandLineTools/usr/bin/make -f confmf.GNU && cat confinc.out
this is the am__doit target
configure:6335: $? = 0
configure:6354: result: yes (GNU style)
configure:6389: checking whether /Library/Developer/CommandLineTools/usr/bin/make supports nested variables
configure:6407: result: yes
configure:6488: checking dependency style of /Users/samernajjar/Desktop/cado-nfs-master/build/Samers-MBP/cc
configure:6600: result: none
configure:6675: checking whether to enable maintainer-specific portions of Makefiles
configure:6685: result: no
configure:6746: checking how to print strings
configure:6773: result: printf
configure:6794: checking for a sed that does not truncate output
configure:6864: result: /usr/bin/sed
configure:6882: checking for grep that handles long lines and -e
configure:6946: result: /usr/bin/grep
configure:6951: checking for egrep
configure:7019: result: /usr/bin/grep -E
configure:7024: checking for fgrep
configure:7092: result: /usr/bin/grep -F
configure:7128: checking for ld used by /Users/samernajjar/Desktop/cado-nfs-master/build/Samers-MBP/cc
configure:7196: result: /Library/Developer/CommandLineTools/usr/bin/ld
configure:7203: checking if the linker (/Library/Developer/CommandLineTools/usr/bin/ld) is GNU ld
configure:7219: result: no
configure:7231: checking for BSD- or MS-compatible name lister (nm)
configure:7286: result: /usr/bin/nm -B
configure:7426: checking the name lister (/usr/bin/nm -B) interface
configure:7434: /Users/samernajjar/Desktop/cado-nfs-master/build/Samers-MBP/cc -c -std=c99 -W -Wall -O2  -I/opt/anaconda3/include -I/Users/samernajjar/Desktop/cado-nfs-master  conftest.c >&5
configure:7437: /usr/bin/nm -B "conftest.o"
configure:7440: output
0000000000000000 S _some_variable
configure:7447: result: BSD nm
configure:7450: checking whether ln -s works
configure:7454: result: yes
configure:7462: checking the maximum length of command line arguments
configure:7594: result: 786432
configure:7642: checking how to convert x86_64-apple-darwin20.6.0 file names to x86_64-apple-darwin20.6.0 format
configure:7683: result: func_convert_file_noop
configure:7690: checking how to convert x86_64-apple-darwin20.6.0 file names to toolchain format
configure:7711: result: func_convert_file_noop
configure:7718: checking for /Library/Developer/CommandLineTools/usr/bin/ld option to reload object files
configure:7726: result: -r
configure:7805: checking for objdump
configure:7826: found /usr/bin/objdump
configure:7837: result: objdump
configure:7869: checking how to recognize dependent libraries
configure:8070: result: pass_all
configure:8160: checking for dlltool
configure:8195: result: no
configure:8225: checking how to associate runtime and link libraries
configure:8253: result: printf %s\n
configure:8318: checking for ar
configure:8339: found /usr/bin/ar
configure:8350: result: ar
configure:8387: checking for archiver @FILE support
configure:8405: /Users/samernajjar/Desktop/cado-nfs-master/build/Samers-MBP/cc -c -std=c99 -W -Wall -O2  -I/opt/anaconda3/include -I/Users/samernajjar/Desktop/cado-nfs-master  conftest.c >&5
configure:8405: $? = 0
configure:8409: ar cr libconftest.a @conftest.lst >&5
ar: @conftest.lst: No such file or directory
configure:8412: $? = 1
configure:8432: result: no
configure:8495: checking for strip
configure:8516: found /usr/bin/strip
configure:8527: result: strip
configure:8604: checking for ranlib
configure:8625: found /usr/bin/ranlib
configure:8636: result: ranlib
configure:8738: checking command to parse /usr/bin/nm -B output from /Users/samernajjar/Desktop/cado-nfs-master/build/Samers-MBP/cc object
configure:8892: /Users/samernajjar/Desktop/cado-nfs-master/build/Samers-MBP/cc -c -std=c99 -W -Wall -O2  -I/opt/anaconda3/include -I/Users/samernajjar/Desktop/cado-nfs-master  conftest.c >&5
configure:8895: $? = 0
configure:8899: /usr/bin/nm -B conftest.o | sed -n -e 's/^.*[	 ]\([BCDEGRST][BCDEGRST]*\)[	 ][	 ]*\([_A-Za-z][_A-Za-z0-9]*\)$/\1 \2 \2/p' | sed '/ __gnu_lto/d' > conftest.nm
cannot find nm_test_var in conftest.nm
configure:8892: /Users/samernajjar/Desktop/cado-nfs-master/build/Samers-MBP/cc -c -std=c99 -W -Wall -O2  -I/opt/anaconda3/include -I/Users/samernajjar/Desktop/cado-nfs-master  conftest.c >&5
configure:8895: $? = 0
configure:8899: /usr/bin/nm -B conftest.o | sed -n -e 's/^.*[	 ]\([BCDEGRST][BCDEGRST]*\)[	 ][	 ]*_\([_A-Za-z][_A-Za-z0-9]*\)$/\1 _\2 \2/p' | sed '/ __gnu_lto/d' > conftest.nm
configure:8965: /Users/samernajjar/Desktop/cado-nfs-master/build/Samers-MBP/cc -o conftest -std=c99 -W -Wall -O2  -I/opt/anaconda3/include -I/Users/samernajjar/Desktop/cado-nfs-master  -Wl,-rpath,/opt/anaconda3/lib -L/opt/anaconda3/lib conftest.c conftstm.o >&5
configure:8968: $? = 0
configure:9006: result: ok
configure:9053: checking for sysroot
configure:9084: result: no
configure:9091: checking for a working dd
configure:9135: result: /bin/dd
configure:9139: checking how to truncate binary pipes
configure:9155: result: /bin/dd bs=4096 count=1
configure:9492: checking for mt
configure:9527: result: no
configure:9547: checking if : is a manifest tool
configure:9554: : '-?'
configure:9562: result: no
configure:9623: checking for dsymutil
configure:9644: found /usr/bin/dsymutil
configure:9655: result: dsymutil
configure:9725: checking for nmedit
configure:9746: found /usr/bin/nmedit
configure:9757: result: nmedit
configure:9827: checking for lipo
configure:9848: found /usr/bin/lipo
configure:9859: result: lipo
configure:9929: checking for otool
configure:9950: found /usr/bin/otool
configure:9961: result: otool
configure:10031: checking for otool64
configure:10066: result: no
configure:10111: checking for -single_module linker flag
/Users/samernajjar/Desktop/cado-nfs-master/build/Samers-MBP/cc -std=c99 -W -Wall -O2  -I/opt/anaconda3/include -I/Users/samernajjar/Desktop/cado-nfs-master -Wl,-rpath,/opt/anaconda3/lib -L/opt/anaconda3/lib -o libconftest.dylib -dynamiclib -Wl,-single_module conftest.c
configure:10145: result: yes
configure:10148: checking for -exported_symbols_list linker flag
configure:10169: /Users/samernajjar/Desktop/cado-nfs-master/build/Samers-MBP/cc -o conftest -std=c99 -W -Wall -O2  -I/opt/anaconda3/include -I/Users/samernajjar/Desktop/cado-nfs-master  -Wl,-rpath,/opt/anaconda3/lib -L/opt/anaconda3/lib -Wl,-exported_symbols_list,conftest.sym conftest.c  >&5
configure:10169: $? = 0
configure:10180: result: yes
configure:10183: checking for -force_load linker flag
/Users/samernajjar/Desktop/cado-nfs-master/build/Samers-MBP/cc -std=c99 -W -Wall -O2  -I/opt/anaconda3/include -I/Users/samernajjar/Desktop/cado-nfs-master -c -o conftest.o conftest.c
ar cr libconftest.a conftest.o
ranlib libconftest.a
/Users/samernajjar/Desktop/cado-nfs-master/build/Samers-MBP/cc -std=c99 -W -Wall -O2  -I/opt/anaconda3/include -I/Users/samernajjar/Desktop/cado-nfs-master -Wl,-rpath,/opt/anaconda3/lib -L/opt/anaconda3/lib -o conftest conftest.c -Wl,-force_load,./libconftest.a
configure:10216: result: yes
configure:10288: checking for dlfcn.h
configure:10288: /Users/samernajjar/Desktop/cado-nfs-master/build/Samers-MBP/cc -c -std=c99 -W -Wall -O2  -I/opt/anaconda3/include -I/Users/samernajjar/Desktop/cado-nfs-master  conftest.c >&5
configure:10288: $? = 0
configure:10288: result: yes
configure:10547: checking for objdir
configure:10563: result: .libs
configure:10827: checking if /Users/samernajjar/Desktop/cado-nfs-master/build/Samers-MBP/cc supports -fno-rtti -fno-exceptions
configure:10846: /Users/samernajjar/Desktop/cado-nfs-master/build/Samers-MBP/cc -c -std=c99 -W -Wall -O2  -I/opt/anaconda3/include -I/Users/samernajjar/Desktop/cado-nfs-master  -fno-rtti -fno-exceptions conftest.c >&5
configure:10850: $? = 0
configure:10863: result: yes
configure:11227: checking for /Users/samernajjar/Desktop/cado-nfs-master/build/Samers-MBP/cc option to produce PIC
configure:11235: result: -fno-common -DPIC
configure:11243: checking if /Users/samernajjar/Desktop/cado-nfs-master/build/Samers-MBP/cc PIC flag -fno-common -DPIC works
configure:11262: /Users/samernajjar/Desktop/cado-nfs-master/build/Samers-MBP/cc -c -std=c99 -W -Wall -O2  -I/opt/anaconda3/include -I/Users/samernajjar/Desktop/cado-nfs-master  -fno-common -DPIC -DPIC conftest.c >&5
configure:11266: $? = 0
configure:11279: result: yes
configure:11308: checking if /Users/samernajjar/Desktop/cado-nfs-master/build/Samers-MBP/cc static flag -static works
configure:11337: result: no
configure:11352: checking if /Users/samernajjar/Desktop/cado-nfs-master/build/Samers-MBP/cc supports -c -o file.o
configure:11374: /Users/samernajjar/Desktop/cado-nfs-master/build/Samers-MBP/cc -c -std=c99 -W -Wall -O2  -I/opt/anaconda3/include -I/Users/samernajjar/Desktop/cado-nfs-master  -o out/conftest2.o conftest.c >&5
configure:11378: $? = 0
configure:11400: result: yes
configure:11408: checking if /Users/samernajjar/Desktop/cado-nfs-master/build/Samers-MBP/cc supports -c -o file.o
configure:11456: result: yes
configure:11489: checking whether the /Users/samernajjar/Desktop/cado-nfs-master/build/Samers-MBP/cc linker (/Library/Developer/CommandLineTools/usr/bin/ld) supports shared libraries
configure:12759: result: yes
configure:13000: checking dynamic linker characteristics
configure:13833: result: darwin20.6.0 dyld
configure:13955: checking how to hardcode library paths into programs
configure:13980: result: immediate
configure:14532: checking whether stripping libraries is possible
configure:14546: result: yes
configure:14572: checking if libtool supports shared libraries
configure:14574: result: yes
configure:14577: checking whether to build shared libraries
configure:14602: result: no
configure:14605: checking whether to build static libraries
configure:14609: result: yes
configure:14763: checking for gcc
configure:14795: result: /Users/samernajjar/Desktop/cado-nfs-master/build/Samers-MBP/cc
configure:15148: checking for C compiler version
configure:15157: /Users/samernajjar/Desktop/cado-nfs-master/build/Samers-MBP/cc --version >&5
Apple clang version 13.0.0 (clang-1300.0.29.30)
Target: x86_64-apple-darwin20.6.0
Thread model: posix
InstalledDir: /Library/Developer/CommandLineTools/usr/bin
configure:15168: $? = 0
configure:15157: /Users/samernajjar/Desktop/cado-nfs-master/build/Samers-MBP/cc -v >&5
Apple clang version 13.0.0 (clang-1300.0.29.30)
Target: x86_64-apple-darwin20.6.0
Thread model: posix
InstalledDir: /Library/Developer/CommandLineTools/usr/bin
configure:15168: $? = 0
configure:15157: /Users/samernajjar/Desktop/cado-nfs-master/build/Samers-MBP/cc -V >&5
clang: error: argument to '-V' is missing (expected 1 value)
clang: error: no input files
configure:15168: $? = 1
configure:15157: /Users/samernajjar/Desktop/cado-nfs-master/build/Samers-MBP/cc -qversion >&5
clang: error: unknown argument '-qversion'; did you mean '--version'?
clang: error: no input files
configure:15168: $? = 1
configure:15157: /Users/samernajjar/Desktop/cado-nfs-master/build/Samers-MBP/cc -version >&5
clang: error: unknown argument '-version'; did you mean '--version'?
clang: error: no input files
configure:15168: $? = 1
configure:15172: checking whether the compiler supports GNU C
configure:15202: result: yes
configure:15213: checking whether /Users/samernajjar/Desktop/cado-nfs-master/build/Samers-MBP/cc accepts -g
configure:15278: result: yes
configure:15298: checking for /Users/samernajjar/Desktop/cado-nfs-master/build/Samers-MBP/cc option to enable C11 features
configure:15326: result: unsupported
configure:15344: checking for /Users/samernajjar/Desktop/cado-nfs-master/build/Samers-MBP/cc option to enable C99 features
configure:15377: result: none needed
configure:15447: checking whether /Users/samernajjar/Desktop/cado-nfs-master/build/Samers-MBP/cc understands -c and -o together
configure:15485: result: yes
configure:15630: checking for C++ compiler version
configure:15639: /Users/samernajjar/Desktop/cado-nfs-master/build/Samers-MBP/c++ --version >&5
Apple clang version 13.0.0 (clang-1300.0.29.30)
Target: x86_64-apple-darwin20.6.0
Thread model: posix
InstalledDir: /Library/Developer/CommandLineTools/usr/bin
configure:15650: $? = 0
configure:15639: /Users/samernajjar/Desktop/cado-nfs-master/build/Samers-MBP/c++ -v >&5
Apple clang version 13.0.0 (clang-1300.0.29.30)
Target: x86_64-apple-darwin20.6.0
Thread model: posix
InstalledDir: /Library/Developer/CommandLineTools/usr/bin
configure:15650: $? = 0
configure:15639: /Users/samernajjar/Desktop/cado-nfs-master/build/Samers-MBP/c++ -V >&5
clang: error: argument to '-V' is missing (expected 1 value)
clang: error: no input files
configure:15650: $? = 1
configure:15639: /Users/samernajjar/Desktop/cado-nfs-master/build/Samers-MBP/c++ -qversion >&5
clang: error: unknown argument '-qversion'; did you mean '--version'?
clang: error: no input files
configure:15650: $? = 1
configure:15654: checking whether the compiler supports GNU C++
configure:15674: /Users/samernajjar/Desktop/cado-nfs-master/build/Samers-MBP/c++ -c -std=c++11 -O2  -I/opt/anaconda3/include -I/Users/samernajjar/Desktop/cado-nfs-master  conftest.cpp >&5
configure:15674: $? = 0
configure:15684: result: yes
configure:15695: checking whether /Users/samernajjar/Desktop/cado-nfs-master/build/Samers-MBP/c++ accepts -g
configure:15716: /Users/samernajjar/Desktop/cado-nfs-master/build/Samers-MBP/c++ -c -g  conftest.cpp >&5
configure:15716: $? = 0
configure:15760: result: yes
configure:15780: checking for /Users/samernajjar/Desktop/cado-nfs-master/build/Samers-MBP/c++ option to enable C++11 features
configure:15795: /Users/samernajjar/Desktop/cado-nfs-master/build/Samers-MBP/c++  -c -std=c++11 -O2  -I/opt/anaconda3/include -I/Users/samernajjar/Desktop/cado-nfs-master  conftest.cpp >&5
conftest.cpp:192:25: warning: empty parentheses interpreted as a function declaration [-Wvexing-parse]
  cxx11test::delegate d2();
                        ^~
conftest.cpp:192:25: note: remove parentheses to declare a variable
  cxx11test::delegate d2();
                        ^~
1 warning generated.
configure:15795: $? = 0
configure:15813: result: none needed
configure:15879: checking dependency style of /Users/samernajjar/Desktop/cado-nfs-master/build/Samers-MBP/c++
configure:15991: result: none
configure:16024: checking how to run the C++ preprocessor
configure:16046: /Users/samernajjar/Desktop/cado-nfs-master/build/Samers-MBP/c++ -E  conftest.cpp
configure:16046: $? = 0
configure:16061: /Users/samernajjar/Desktop/cado-nfs-master/build/Samers-MBP/c++ -E  conftest.cpp
conftest.cpp:26:10: fatal error: 'ac_nonexistent.h' file not found
#include <ac_nonexistent.h>
         ^~~~~~~~~~~~~~~~~~
1 error generated.
configure:16061: $? = 1
configure: failed program was:
| /* confdefs.h */
| #define PACKAGE_NAME "gf2x"
| #define PACKAGE_TARNAME "gf2x"
| #define PACKAGE_VERSION "1.3.1dev"
| #define PACKAGE_STRING "gf2x 1.3.1dev"
| #define PACKAGE_BUGREPORT ""
| #define PACKAGE_URL ""
| #define HAVE_STDIO_H 1
| #define HAVE_STDLIB_H 1
| #define HAVE_STRING_H 1
| #define HAVE_INTTYPES_H 1
| #define HAVE_STDINT_H 1
| #define HAVE_STRINGS_H 1
| #define HAVE_SYS_STAT_H 1
| #define HAVE_SYS_TYPES_H 1
| #define HAVE_UNISTD_H 1
| #define STDC_HEADERS 1
| #define HAVE_ALLOCA_H 1
| #define HAVE_ALLOCA 1
| #define PACKAGE "gf2x"
| #define VERSION "1.3.1dev"
| #define HAVE_DLFCN_H 1
| #define LT_OBJDIR ".libs/"
| #define GF2X_HAS_FFT_INTERFACE_SUPPORT 1
| /* end confdefs.h.  */
| #include <ac_nonexistent.h>
configure:16088: result: /Users/samernajjar/Desktop/cado-nfs-master/build/Samers-MBP/c++ -E
configure:16102: /Users/samernajjar/Desktop/cado-nfs-master/build/Samers-MBP/c++ -E  conftest.cpp
configure:16102: $? = 0
configure:16117: /Users/samernajjar/Desktop/cado-nfs-master/build/Samers-MBP/c++ -E  conftest.cpp
conftest.cpp:26:10: fatal error: 'ac_nonexistent.h' file not found
#include <ac_nonexistent.h>
         ^~~~~~~~~~~~~~~~~~
1 error generated.
configure:16117: $? = 1
configure: failed program was:
| /* confdefs.h */
| #define PACKAGE_NAME "gf2x"
| #define PACKAGE_TARNAME "gf2x"
| #define PACKAGE_VERSION "1.3.1dev"
| #define PACKAGE_STRING "gf2x 1.3.1dev"
| #define PACKAGE_BUGREPORT ""
| #define PACKAGE_URL ""
| #define HAVE_STDIO_H 1
| #define HAVE_STDLIB_H 1
| #define HAVE_STRING_H 1
| #define HAVE_INTTYPES_H 1
| #define HAVE_STDINT_H 1
| #define HAVE_STRINGS_H 1
| #define HAVE_SYS_STAT_H 1
| #define HAVE_SYS_TYPES_H 1
| #define HAVE_UNISTD_H 1
| #define STDC_HEADERS 1
| #define HAVE_ALLOCA_H 1
| #define HAVE_ALLOCA 1
| #define PACKAGE "gf2x"
| #define VERSION "1.3.1dev"
| #define HAVE_DLFCN_H 1
| #define LT_OBJDIR ".libs/"
| #define GF2X_HAS_FFT_INTERFACE_SUPPORT 1
| /* end confdefs.h.  */
| #include <ac_nonexistent.h>
configure:16282: checking for ld used by /Users/samernajjar/Desktop/cado-nfs-master/build/Samers-MBP/c++
configure:16350: result: /Library/Developer/CommandLineTools/usr/bin/ld
configure:16357: checking if the linker (/Library/Developer/CommandLineTools/usr/bin/ld) is GNU ld
configure:16373: result: no
configure:16428: checking whether the /Users/samernajjar/Desktop/cado-nfs-master/build/Samers-MBP/c++ linker (/Library/Developer/CommandLineTools/usr/bin/ld) supports shared libraries
configure:17505: result: yes
configure:17541: /Users/samernajjar/Desktop/cado-nfs-master/build/Samers-MBP/c++ -c -std=c++11 -O2  -I/opt/anaconda3/include -I/Users/samernajjar/Desktop/cado-nfs-master  conftest.cpp >&5
configure:17544: $? = 0
configure:18025: checking for /Users/samernajjar/Desktop/cado-nfs-master/build/Samers-MBP/c++ option to produce PIC
configure:18033: result: -fno-common -DPIC
configure:18041: checking if /Users/samernajjar/Desktop/cado-nfs-master/build/Samers-MBP/c++ PIC flag -fno-common -DPIC works
configure:18060: /Users/samernajjar/Desktop/cado-nfs-master/build/Samers-MBP/c++ -c -std=c++11 -O2  -I/opt/anaconda3/include -I/Users/samernajjar/Desktop/cado-nfs-master  -fno-common -DPIC -DPIC conftest.cpp >&5
configure:18064: $? = 0
configure:18077: result: yes
configure:18100: checking if /Users/samernajjar/Desktop/cado-nfs-master/build/Samers-MBP/c++ static flag -static works
configure:18129: result: no
configure:18141: checking if /Users/samernajjar/Desktop/cado-nfs-master/build/Samers-MBP/c++ supports -c -o file.o
configure:18163: /Users/samernajjar/Desktop/cado-nfs-master/build/Samers-MBP/c++ -c -std=c++11 -O2  -I/opt/anaconda3/include -I/Users/samernajjar/Desktop/cado-nfs-master  -o out/conftest2.o conftest.cpp >&5
configure:18167: $? = 0
configure:18189: result: yes
configure:18194: checking if /Users/samernajjar/Desktop/cado-nfs-master/build/Samers-MBP/c++ supports -c -o file.o
configure:18242: result: yes
configure:18272: checking whether the /Users/samernajjar/Desktop/cado-nfs-master/build/Samers-MBP/c++ linker (/Library/Developer/CommandLineTools/usr/bin/ld) supports shared libraries
configure:18315: result: yes
configure:18457: checking dynamic linker characteristics
configure:19217: result: darwin20.6.0 dyld
configure:19282: checking how to hardcode library paths into programs
configure:19307: result: immediate
configure:19348: checking warning verbosity option
configure:19387: result: -Wall -W for C++ -Wall -W for C
configure:19401: checking how to run the C preprocessor
configure:19427: /Users/samernajjar/Desktop/cado-nfs-master/build/Samers-MBP/cc -E  conftest.c
configure:19427: $? = 0
configure:19442: /Users/samernajjar/Desktop/cado-nfs-master/build/Samers-MBP/cc -E  conftest.c
conftest.c:26:10: fatal error: 'ac_nonexistent.h' file not found
#include <ac_nonexistent.h>
         ^~~~~~~~~~~~~~~~~~
1 error generated.
configure:19442: $? = 1
configure: failed program was:
| /* confdefs.h */
| #define PACKAGE_NAME "gf2x"
| #define PACKAGE_TARNAME "gf2x"
| #define PACKAGE_VERSION "1.3.1dev"
| #define PACKAGE_STRING "gf2x 1.3.1dev"
| #define PACKAGE_BUGREPORT ""
| #define PACKAGE_URL ""
| #define HAVE_STDIO_H 1
| #define HAVE_STDLIB_H 1
| #define HAVE_STRING_H 1
| #define HAVE_INTTYPES_H 1
| #define HAVE_STDINT_H 1
| #define HAVE_STRINGS_H 1
| #define HAVE_SYS_STAT_H 1
| #define HAVE_SYS_TYPES_H 1
| #define HAVE_UNISTD_H 1
| #define STDC_HEADERS 1
| #define HAVE_ALLOCA_H 1
| #define HAVE_ALLOCA 1
| #define PACKAGE "gf2x"
| #define VERSION "1.3.1dev"
| #define HAVE_DLFCN_H 1
| #define LT_OBJDIR ".libs/"
| #define GF2X_HAS_FFT_INTERFACE_SUPPORT 1
| /* end confdefs.h.  */
| #include <ac_nonexistent.h>
configure:19469: result: /Users/samernajjar/Desktop/cado-nfs-master/build/Samers-MBP/cc -E
configure:19483: /Users/samernajjar/Desktop/cado-nfs-master/build/Samers-MBP/cc -E  conftest.c
configure:19483: $? = 0
configure:19498: /Users/samernajjar/Desktop/cado-nfs-master/build/Samers-MBP/cc -E  conftest.c
conftest.c:26:10: fatal error: 'ac_nonexistent.h' file not found
#include <ac_nonexistent.h>
         ^~~~~~~~~~~~~~~~~~
1 error generated.
configure:19498: $? = 1
configure: failed program was:
| /* confdefs.h */
| #define PACKAGE_NAME "gf2x"
| #define PACKAGE_TARNAME "gf2x"
| #define PACKAGE_VERSION "1.3.1dev"
| #define PACKAGE_STRING "gf2x 1.3.1dev"
| #define PACKAGE_BUGREPORT ""
| #define PACKAGE_URL ""
| #define HAVE_STDIO_H 1
| #define HAVE_STDLIB_H 1
| #define HAVE_STRING_H 1
| #define HAVE_INTTYPES_H 1
| #define HAVE_STDINT_H 1
| #define HAVE_STRINGS_H 1
| #define HAVE_SYS_STAT_H 1
| #define HAVE_SYS_TYPES_H 1
| #define HAVE_UNISTD_H 1
| #define STDC_HEADERS 1
| #define HAVE_ALLOCA_H 1
| #define HAVE_ALLOCA 1
| #define PACKAGE "gf2x"
| #define VERSION "1.3.1dev"
| #define HAVE_DLFCN_H 1
| #define LT_OBJDIR ".libs/"
| #define GF2X_HAS_FFT_INTERFACE_SUPPORT 1
| /* end confdefs.h.  */
| #include <ac_nonexistent.h>
configure:19598: checking build system compiler /Users/samernajjar/Desktop/cado-nfs-master/build/Samers-MBP/cc
configure:19612: /Users/samernajjar/Desktop/cado-nfs-master/build/Samers-MBP/cc conftest.c
configure:19615: $? = 0
configure:19622: result: yes
configure:19641: checking for build system executable suffix
configure:19657: /Users/samernajjar/Desktop/cado-nfs-master/build/Samers-MBP/cc conftest.c -o conftest.exe
configure:19660: $? = 0
/Users/samernajjar/Desktop/cado-nfs-master/gf2x/configure: line 19662: ./conftest: No such file or directory
configure:19657: /Users/samernajjar/Desktop/cado-nfs-master/build/Samers-MBP/cc conftest.c -o conftest,ff8
configure:19660: $? = 0
/Users/samernajjar/Desktop/cado-nfs-master/gf2x/configure: line 19662: ./conftest: No such file or directory
configure:19657: /Users/samernajjar/Desktop/cado-nfs-master/build/Samers-MBP/cc conftest.c -o conftest
configure:19660: $? = 0
configure:19674: result: 
configure:19680: checking for __attribute__((visibility("hidden")))
configure:19694: /Users/samernajjar/Desktop/cado-nfs-master/build/Samers-MBP/cc -fvisibility=hidden -Werror -S conftest.c -o conftest.s 1>&5
configure:19697: $? = 0
configure:19708: result: no
configure:19726: checking that clock() returns non-constant values
configure:19759: /Users/samernajjar/Desktop/cado-nfs-master/build/Samers-MBP/cc -o conftest -std=c99 -W -Wall -O2  -I/opt/anaconda3/include -I/Users/samernajjar/Desktop/cado-nfs-master -Wall -W  -Wl,-rpath,/opt/anaconda3/lib -L/opt/anaconda3/lib conftest.c  >&5
configure:19759: $? = 0
configure:19759: ./conftest
configure:19759: $? = 0
configure:19775: result: yes
configure:19801: checking size of unsigned long
configure:19807: /Users/samernajjar/Desktop/cado-nfs-master/build/Samers-MBP/cc -o conftest -std=c99 -W -Wall -O2  -I/opt/anaconda3/include -I/Users/samernajjar/Desktop/cado-nfs-master -Wall -W  -Wl,-rpath,/opt/anaconda3/lib -L/opt/anaconda3/lib conftest.c  >&5
configure:19807: $? = 0
configure:19807: ./conftest
configure:19807: $? = 0
configure:19822: result: 8
configure:19854: checking whether /Users/samernajjar/Desktop/cado-nfs-master/build/Samers-MBP/cc can compile and run sse-2 code
configure:19907: /Users/samernajjar/Desktop/cado-nfs-master/build/Samers-MBP/cc -o conftest -std=c99 -W -Wall -O2  -I/opt/anaconda3/include -I/Users/samernajjar/Desktop/cado-nfs-master -Wall -W  -Wl,-rpath,/opt/anaconda3/lib -L/opt/anaconda3/lib conftest.c  >&5
conftest.c:39:13: warning: unused variable 'g' [-Wunused-variable]
    __m128d g = _mm_set_pd((double) a1, (double) a0);
            ^
conftest.c:33:27: warning: unused parameter 'argv' [-Wunused-parameter]
int main(int argc, char * argv[]) {
                          ^
2 warnings generated.
configure:19907: $? = 0
configure:19907: ./conftest
configure:19907: $? = 0
configure:19983: result: yes
configure:20105: checking whether /Users/samernajjar/Desktop/cado-nfs-master/build/Samers-MBP/cc can compile and run sse-3 code
configure:20151: /Users/samernajjar/Desktop/cado-nfs-master/build/Samers-MBP/cc -o conftest -std=c99 -W -Wall -O2  -I/opt/anaconda3/include -I/Users/samernajjar/Desktop/cado-nfs-master  -Wl,-rpath,/opt/anaconda3/lib -L/opt/anaconda3/lib conftest.c  >&5
configure:20151: $? = 0
configure:20151: ./conftest
configure:20151: $? = 0
configure:20220: result: yes
configure:20328: checking whether /Users/samernajjar/Desktop/cado-nfs-master/build/Samers-MBP/cc can compile and run ssse-3 code
configure:20373: /Users/samernajjar/Desktop/cado-nfs-master/build/Samers-MBP/cc -o conftest -std=c99 -W -Wall -O2  -I/opt/anaconda3/include -I/Users/samernajjar/Desktop/cado-nfs-master  -Wl,-rpath,/opt/anaconda3/lib -L/opt/anaconda3/lib conftest.c  >&5
configure:20373: $? = 0
configure:20373: ./conftest
configure:20373: $? = 0
configure:20441: result: yes
configure:20547: checking whether /Users/samernajjar/Desktop/cado-nfs-master/build/Samers-MBP/cc can compile and run sse-4.1 code
configure:20598: /Users/samernajjar/Desktop/cado-nfs-master/build/Samers-MBP/cc -o conftest -std=c99 -W -Wall -O2  -I/opt/anaconda3/include -I/Users/samernajjar/Desktop/cado-nfs-master  -Wl,-rpath,/opt/anaconda3/lib -L/opt/anaconda3/lib conftest.c  >&5
configure:20598: $? = 0
configure:20598: ./conftest
configure:20598: $? = 0
configure:20672: result: yes
configure:20790: checking whether /Users/samernajjar/Desktop/cado-nfs-master/build/Samers-MBP/cc can compile and run pclmul code
configure:20846: /Users/samernajjar/Desktop/cado-nfs-master/build/Samers-MBP/cc -o conftest -std=c99 -W -Wall -O2  -I/opt/anaconda3/include -I/Users/samernajjar/Desktop/cado-nfs-master  -Wl,-rpath,/opt/anaconda3/lib -L/opt/anaconda3/lib conftest.c  >&5
conftest.c:53:15: error: '__builtin_ia32_pclmulqdq128' needs target feature pclmul
    proxy.s = _mm_clmulepi64_si128(a, b, 0);
              ^
/Library/Developer/CommandLineTools/usr/lib/clang/13.0.0/include/__wmmintrin_pclmul.h:45:13: note: expanded from macro '_mm_clmulepi64_si128'
  ((__m128i)__builtin_ia32_pclmulqdq128((__v2di)(__m128i)(X), \
            ^
1 error generated.
configure:20846: $? = 1
configure: program exited with status 1
configure: failed program was:
| /* confdefs.h */
| #define PACKAGE_NAME "gf2x"
| #define PACKAGE_TARNAME "gf2x"
| #define PACKAGE_VERSION "1.3.1dev"
| #define PACKAGE_STRING "gf2x 1.3.1dev"
| #define PACKAGE_BUGREPORT ""
| #define PACKAGE_URL ""
| #define HAVE_STDIO_H 1
| #define HAVE_STDLIB_H 1
| #define HAVE_STRING_H 1
| #define HAVE_INTTYPES_H 1
| #define HAVE_STDINT_H 1
| #define HAVE_STRINGS_H 1
| #define HAVE_SYS_STAT_H 1
| #define HAVE_SYS_TYPES_H 1
| #define HAVE_UNISTD_H 1
| #define STDC_HEADERS 1
| #define HAVE_ALLOCA_H 1
| #define HAVE_ALLOCA 1
| #define PACKAGE "gf2x"
| #define VERSION "1.3.1dev"
| #define HAVE_DLFCN_H 1
| #define LT_OBJDIR ".libs/"
| #define GF2X_HAS_FFT_INTERFACE_SUPPORT 1
| #define HAVE_NONCONSTANT_CLOCK 1
| #define SIZEOF_UNSIGNED_LONG 8
| #define GF2X_HAVE_SSE2_SUPPORT 1
| #define GF2X_HAVE_SSE3_SUPPORT 1
| #define GF2X_HAVE_SSSE3_SUPPORT 1
| #define GF2X_HAVE_SSE41_SUPPORT 1
| /* end confdefs.h.  */
| 
| #include <stdint.h>
| #include <wmmintrin.h>
| #include <assert.h>
| 
| int main() {
|     assert(sizeof(unsigned long) == 8); /* assume 64-bit */
| #if defined(__GNUC__) && __GNUC__ == 4 &&__GNUC_MINOR__ == 1
| #define _gf2x_mm_cvtsi64_m64(u) _mm_cvtsi64x_m64((u))
| #else
| #define _gf2x_mm_cvtsi64_m64(u) _mm_cvtsi64_m64((u))
| #endif
|     /* _m128i from 2 int64_t's */
| #define _gf2x_mm_setr_epi64(lo, hi)                                         _mm_setr_epi64(                                                                 _gf2x_mm_cvtsi64_m64((int64_t) (lo)),                                   _gf2x_mm_cvtsi64_m64((int64_t) (hi))                                    )
|     /* _m128i from 1 int64_t's */
| #define _gf2x_mm_set1_epi64(u) _mm_set1_epi64( _gf2x_mm_cvtsi64_m64((int64_t) (u)))
|     volatile int a0 = 17;
|     volatile int a1 = 42;
|     __m128i a = _gf2x_mm_set1_epi64(a0);
|     __m128i b = _gf2x_mm_set1_epi64(a1);
|     union { __m128i s; unsigned long x[2]; } proxy;
|     proxy.s = _mm_clmulepi64_si128(a, b, 0);
|     return proxy.x[0] - 650;
| }
| 
configure:20899: /Users/samernajjar/Desktop/cado-nfs-master/build/Samers-MBP/cc -o conftest -std=c99 -W -Wall -O2  -I/opt/anaconda3/include -I/Users/samernajjar/Desktop/cado-nfs-master -mpclmul  -Wl,-rpath,/opt/anaconda3/lib -L/opt/anaconda3/lib conftest.c  >&5
configure:20899: $? = 0
configure:20899: ./conftest
configure:20899: $? = 0
configure:20925: result: yes, with -mpclmul
configure:20945: checking whether -mpclmul is also needed by the preprocessor
configure:20985: /Users/samernajjar/Desktop/cado-nfs-master/build/Samers-MBP/cc -E  conftest.c
configure:20985: $? = 0
configure:21041: result: no
configure:21058: checking whether /Users/samernajjar/Desktop/cado-nfs-master/build/Samers-MBP/cc understands -march=native
configure:21078: /Users/samernajjar/Desktop/cado-nfs-master/build/Samers-MBP/cc -c -std=c99 -W -Wall -O2  -I/opt/anaconda3/include -I/Users/samernajjar/Desktop/cado-nfs-master -mpclmul -march=native  conftest.c >&5
configure:21078: $? = 0
configure:21114: result: yes
configure:21124: checking whether /Users/samernajjar/Desktop/cado-nfs-master/build/Samers-MBP/cc understands -mtune=native
configure:21144: /Users/samernajjar/Desktop/cado-nfs-master/build/Samers-MBP/cc -c -std=c99 -W -Wall -O2  -I/opt/anaconda3/include -I/Users/samernajjar/Desktop/cado-nfs-master -mpclmul -march=native -mtune=native  conftest.c >&5
configure:21144: $? = 0
configure:21154: result: yes
configure:21333: using ABI="default"
configure:21335:       CC="/Users/samernajjar/Desktop/cado-nfs-master/build/Samers-MBP/cc"
configure:21337:       CFLAGS="-std=c99 -W -Wall -O2  -I/opt/anaconda3/include -I/Users/samernajjar/Desktop/cado-nfs-master -mpclmul -march=native -mtune=native"
configure:21339:       CPPFLAGS=""
configure:21341:       hwdir="x86_64_pclmul"
configure:21372: checking the number of bits in an unsigned long
configure:21412: /Users/samernajjar/Desktop/cado-nfs-master/build/Samers-MBP/cc -o conftest -std=c99 -W -Wall -O2  -I/opt/anaconda3/include -I/Users/samernajjar/Desktop/cado-nfs-master -mpclmul -march=native -mtune=native  -Wl,-rpath,/opt/anaconda3/lib -L/opt/anaconda3/lib conftest.c  >&5
configure:21412: $? = 0
configure:21412: ./conftest
configure:21412: $? = 0
configure:21438: result: 64
configure:21442: checking whether already_tuned/x86_64_pclmul/ is right assuming 64-bits unsigned longs
configure:21447: result: yes
configure:21626: checking that generated files are newer than configure
configure:21632: result: done
configure:21699: creating ./config.status

## ---------------------- ##
## Running config.status. ##
## ---------------------- ##

This file was extended by gf2x config.status 1.3.1dev, which was
generated by GNU Autoconf 2.71.  Invocation command line was

  CONFIG_FILES    = 
  CONFIG_HEADERS  = 
  CONFIG_LINKS    = 
  CONFIG_COMMANDS = 
  $ ./config.status 

on Samers-MBP

config.status:1205: creating version.sh
config.status:1205: creating Makefile
config.status:1205: creating tests/Makefile
config.status:1205: creating lowlevel/Makefile
config.status:1205: creating src/Makefile
config.status:1205: creating fft/Makefile
config.status:1205: creating fft/gf2x-fft.h
config.status:1205: creating gf2x.h.in
config.status:1205: creating gf2x.pc
config.status:1205: creating gf2x/gf2x-config.h
config.status:1205: creating gf2x/gf2x-config-export.h
config.status:1205: creating gf2x.h
config.status:1431: linking /Users/samernajjar/Desktop/cado-nfs-master/gf2x/already_tuned/x86_64_pclmul/gf2x-thresholds.h to gf2x/gf2x-thresholds.h
config.status:1431: linking /Users/samernajjar/Desktop/cado-nfs-master/gf2x/already_tuned/x86_64_pclmul/gf2x_mul1.h to gf2x/gf2x_mul1.h
config.status:1431: linking /Users/samernajjar/Desktop/cado-nfs-master/gf2x/already_tuned/x86_64_pclmul/gf2x_mul2.h to gf2x/gf2x_mul2.h
config.status:1431: linking /Users/samernajjar/Desktop/cado-nfs-master/gf2x/already_tuned/x86_64_pclmul/gf2x_mul3.h to gf2x/gf2x_mul3.h
config.status:1431: linking /Users/samernajjar/Desktop/cado-nfs-master/gf2x/already_tuned/x86_64_pclmul/gf2x_mul4.h to gf2x/gf2x_mul4.h
config.status:1431: linking /Users/samernajjar/Desktop/cado-nfs-master/gf2x/already_tuned/x86_64_pclmul/gf2x_mul5.h to gf2x/gf2x_mul5.h
config.status:1431: linking /Users/samernajjar/Desktop/cado-nfs-master/gf2x/already_tuned/x86_64_pclmul/gf2x_mul6.h to gf2x/gf2x_mul6.h
config.status:1431: linking /Users/samernajjar/Desktop/cado-nfs-master/gf2x/already_tuned/x86_64_pclmul/gf2x_mul7.h to gf2x/gf2x_mul7.h
config.status:1431: linking /Users/samernajjar/Desktop/cado-nfs-master/gf2x/already_tuned/x86_64_pclmul/gf2x_mul8.h to gf2x/gf2x_mul8.h
config.status:1431: linking /Users/samernajjar/Desktop/cado-nfs-master/gf2x/already_tuned/x86_64_pclmul/gf2x_mul9.h to gf2x/gf2x_mul9.h
config.status:1450: executing depfiles commands
config.status:1450: executing libtool commands

## ---------------- ##
## Cache variables. ##
## ---------------- ##

ac_cv_build=x86_64-apple-darwin20.6.0
ac_cv_c_compiler_gnu=yes
ac_cv_cxx_compiler_gnu=yes
ac_cv_env_CCC_set=
ac_cv_env_CCC_value=
ac_cv_env_CC_FOR_BUILD_set=
ac_cv_env_CC_FOR_BUILD_value=
ac_cv_env_CC_set=set
ac_cv_env_CC_value=/Users/samernajjar/Desktop/cado-nfs-master/build/Samers-MBP/cc
ac_cv_env_CFLAGS_set=set
ac_cv_env_CFLAGS_value='-std=c99 -W -Wall -O2  -I/opt/anaconda3/include -I/Users/samernajjar/Desktop/cado-nfs-master'
ac_cv_env_CPPFLAGS_set=
ac_cv_env_CPPFLAGS_value=
ac_cv_env_CPP_set=
ac_cv_env_CPP_value=
ac_cv_env_CXXCPP_set=
ac_cv_env_CXXCPP_value=
ac_cv_env_CXXFLAGS_set=set
ac_cv_env_CXXFLAGS_value='-std=c++11 -O2  -I/opt/anaconda3/include -I/Users/samernajjar/Desktop/cado-nfs-master'
ac_cv_env_CXX_set=set
ac_cv_env_CXX_value=/Users/samernajjar/Desktop/cado-nfs-master/build/Samers-MBP/c++
ac_cv_env_LDFLAGS_set=set
ac_cv_env_LDFLAGS_value='-Wl,-rpath,/opt/anaconda3/lib -L/opt/anaconda3/lib'
ac_cv_env_LIBS_set=
ac_cv_env_LIBS_value=
ac_cv_env_LT_SYS_LIBRARY_PATH_set=
ac_cv_env_LT_SYS_LIBRARY_PATH_value=
ac_cv_env_build_alias_set=
ac_cv_env_build_alias_value=
ac_cv_env_host_alias_set=
ac_cv_env_host_alias_value=
ac_cv_env_target_alias_set=
ac_cv_env_target_alias_value=
ac_cv_func_alloca_works=yes
ac_cv_header_dlfcn_h=yes
ac_cv_header_inttypes_h=yes
ac_cv_header_stdint_h=yes
ac_cv_header_stdio_h=yes
ac_cv_header_stdlib_h=yes
ac_cv_header_string_h=yes
ac_cv_header_strings_h=yes
ac_cv_header_sys_stat_h=yes
ac_cv_header_sys_types_h=yes
ac_cv_header_unistd_h=yes
ac_cv_host=x86_64-apple-darwin20.6.0
ac_cv_objext=o
ac_cv_path_EGREP='/usr/bin/grep -E'
ac_cv_path_FGREP='/usr/bin/grep -F'
ac_cv_path_GREP=/usr/bin/grep
ac_cv_path_SED=/usr/bin/sed
ac_cv_path_install='/usr/bin/install -c'
ac_cv_path_lt_DD=/bin/dd
ac_cv_prog_AWK=awk
ac_cv_prog_CPP='/Users/samernajjar/Desktop/cado-nfs-master/build/Samers-MBP/cc -E'
ac_cv_prog_CXXCPP='/Users/samernajjar/Desktop/cado-nfs-master/build/Samers-MBP/c++ -E'
ac_cv_prog_ac_ct_AR=ar
ac_cv_prog_ac_ct_CC=/Users/samernajjar/Desktop/cado-nfs-master/build/Samers-MBP/cc
ac_cv_prog_ac_ct_DSYMUTIL=dsymutil
ac_cv_prog_ac_ct_LIPO=lipo
ac_cv_prog_ac_ct_NMEDIT=nmedit
ac_cv_prog_ac_ct_OBJDUMP=objdump
ac_cv_prog_ac_ct_OTOOL=otool
ac_cv_prog_ac_ct_RANLIB=ranlib
ac_cv_prog_ac_ct_STRIP=strip
ac_cv_prog_cc_c11=no
ac_cv_prog_cc_c99=
ac_cv_prog_cc_g=yes
ac_cv_prog_cc_stdc=
ac_cv_prog_cxx_11=no
ac_cv_prog_cxx_cxx11=
ac_cv_prog_cxx_g=yes
ac_cv_prog_cxx_stdcxx=
ac_cv_prog_make__Library_Developer_CommandLineTools_usr_bin_make_set=yes
ac_cv_sizeof_unsigned_long=8
ac_cv_target=x86_64-apple-darwin20.6.0
ac_cv_type_size_t=yes
ac_cv_working_alloca_h=yes
am_cv_CC_dependencies_compiler_type=none
am_cv_CXX_dependencies_compiler_type=none
am_cv_make_support_nested_variables=yes
am_cv_prog_cc_c_o=yes
ax_cv_c_compiler_vendor=clang
ax_cv_c_compiler_version=13.0.0
gf2x_cv_cc_supports_march_native=yes
gf2x_cv_cc_supports_mtune_native=yes
gf2x_cv_cc_supports_pclmul='yes, with -mpclmul'
gf2x_cv_cc_supports_sse2=yes
gf2x_cv_cc_supports_sse3=yes
gf2x_cv_cc_supports_sse41=yes
gf2x_cv_cc_supports_ssse3=yes
gf2x_cv_clock_is_not_constant=yes
gf2x_cv_cpp_needs_mpclmul_flag=no
gf2x_cv_hidden_visibility_attribute=no
gf2x_cv_prog_exeext_for_build=
gf2x_cv_ulongbits=64
lt_cv_apple_cc_single_mod=yes
lt_cv_ar_at_file=no
lt_cv_deplibs_check_method=pass_all
lt_cv_file_magic_cmd='$MAGIC_CMD'
lt_cv_file_magic_test_file=
lt_cv_ld_exported_symbols_list=yes
lt_cv_ld_force_load=yes
lt_cv_ld_reload_flag=-r
lt_cv_nm_interface='BSD nm'
lt_cv_objdir=.libs
lt_cv_path_LD=/Library/Developer/CommandLineTools/usr/bin/ld
lt_cv_path_LDCXX=/Library/Developer/CommandLineTools/usr/bin/ld
lt_cv_path_NM='/usr/bin/nm -B'
lt_cv_path_mainfest_tool=no
lt_cv_prog_compiler_c_o=yes
lt_cv_prog_compiler_c_o_CXX=yes
lt_cv_prog_compiler_pic='-fno-common -DPIC'
lt_cv_prog_compiler_pic_CXX='-fno-common -DPIC'
lt_cv_prog_compiler_pic_works=yes
lt_cv_prog_compiler_pic_works_CXX=yes
lt_cv_prog_compiler_rtti_exceptions=yes
lt_cv_prog_compiler_static_works=no
lt_cv_prog_compiler_static_works_CXX=no
lt_cv_prog_gnu_ld=no
lt_cv_prog_gnu_ldcxx=no
lt_cv_sharedlib_from_linklib_cmd='printf %s\n'
lt_cv_sys_global_symbol_pipe='sed -n -e '\''s/^.*[	 ]\([BCDEGRST][BCDEGRST]*\)[	 ][	 ]*_\([_A-Za-z][_A-Za-z0-9]*\)$/\1 _\2 \2/p'\'' | sed '\''/ __gnu_lto/d'\'''
lt_cv_sys_global_symbol_to_c_name_address='sed -n -e '\''s/^: \(.*\) .*$/  {"\1", (void *) 0},/p'\'' -e '\''s/^[BCDEGRST][BCDEGRST]* .* \(.*\)$/  {"\1", (void *) \&\1},/p'\'''
lt_cv_sys_global_symbol_to_c_name_address_lib_prefix='sed -n -e '\''s/^: \(.*\) .*$/  {"\1", (void *) 0},/p'\'' -e '\''s/^[BCDEGRST][BCDEGRST]* .* \(lib.*\)$/  {"\1", (void *) \&\1},/p'\'' -e '\''s/^[BCDEGRST][BCDEGRST]* .* \(.*\)$/  {"lib\1", (void *) \&\1},/p'\'''
lt_cv_sys_global_symbol_to_cdecl='sed -n -e '\''s/^T .* \(.*\)$/extern int \1();/p'\'' -e '\''s/^[BCDEGRST][BCDEGRST]* .* \(.*\)$/extern char \1;/p'\'''
lt_cv_sys_global_symbol_to_import=
lt_cv_sys_max_cmd_len=786432
lt_cv_to_host_file_cmd=func_convert_file_noop
lt_cv_to_tool_file_cmd=func_convert_file_noop
lt_cv_truncate_bin='/bin/dd bs=4096 count=1'

## ----------------- ##
## Output variables. ##
## ----------------- ##

ACLOCAL='${SHELL} '\''/Users/samernajjar/Desktop/cado-nfs-master/gf2x/config/missing'\'' aclocal-1.16'
ALLOCA=''
AMDEPBACKSLASH=''
AMDEP_FALSE=''
AMDEP_TRUE='#'
AMTAR='$${TAR-tar}'
AM_BACKSLASH='\'
AM_DEFAULT_V='$(AM_DEFAULT_VERBOSITY)'
AM_DEFAULT_VERBOSITY='1'
AM_V='$(V)'
AR='ar'
AUTOCONF='${SHELL} '\''/Users/samernajjar/Desktop/cado-nfs-master/gf2x/config/missing'\'' autoconf'
AUTOHEADER='${SHELL} '\''/Users/samernajjar/Desktop/cado-nfs-master/gf2x/config/missing'\'' autoheader'
AUTOMAKE='${SHELL} '\''/Users/samernajjar/Desktop/cado-nfs-master/gf2x/config/missing'\'' automake-1.16'
AWK='awk'
CC='/Users/samernajjar/Desktop/cado-nfs-master/build/Samers-MBP/cc'
CCDEPMODE='depmode=none'
CC_FOR_BUILD='/Users/samernajjar/Desktop/cado-nfs-master/build/Samers-MBP/cc'
CFLAGS='-std=c99 -W -Wall -O2  -I/opt/anaconda3/include -I/Users/samernajjar/Desktop/cado-nfs-master -mpclmul -march=native -mtune=native'
CPP='/Users/samernajjar/Desktop/cado-nfs-master/build/Samers-MBP/cc -E'
CPPFLAGS=''
CSCOPE='cscope'
CTAGS='ctags'
CXX='/Users/samernajjar/Desktop/cado-nfs-master/build/Samers-MBP/c++'
CXXCPP='/Users/samernajjar/Desktop/cado-nfs-master/build/Samers-MBP/c++ -E'
CXXDEPMODE='depmode=none'
CXXFLAGS='-std=c++11 -O2  -I/opt/anaconda3/include -I/Users/samernajjar/Desktop/cado-nfs-master -Wall -W'
CYGPATH_W='echo'
DEFS='-DHAVE_CONFIG_H'
DEPDIR='.deps'
DLLTOOL='false'
DSYMUTIL='dsymutil'
DUMPBIN=''
ECHO_C='\c'
ECHO_N=''
ECHO_T=''
EGREP='/usr/bin/grep -E'
ENABLE_FFT_INTERFACE_FALSE='#'
ENABLE_FFT_INTERFACE_TRUE=''
ETAGS='etags'
EXEEXT=''
EXEEXT_FOR_BUILD=''
FGREP='/usr/bin/grep -F'
GF2X_32BIT_SOURCES_FALSE=''
GF2X_32BIT_SOURCES_TRUE='#'
GF2X_64BIT_SOURCES_FALSE='#'
GF2X_64BIT_SOURCES_TRUE=''
GF2X_FFT_VERSION_MAJOR='GF2X_VERSION_MAJOR'
GF2X_FFT_VERSION_MINOR='GF2X_VERSION_MINOR'
GF2X_FFT_VERSION_PATCHLEVEL='GF2X_VERSION_PATCHLEVEL'
GF2X_PCLMUL_AVAILABLE_FALSE='#'
GF2X_PCLMUL_AVAILABLE_TRUE=''
GF2X_SSE2_AVAILABLE_FALSE='#'
GF2X_SSE2_AVAILABLE_TRUE=''
GF2X_VERSION_MAJOR='1'
GF2X_VERSION_MINOR='3'
GF2X_VERSION_PATCHLEVEL='1'
GF2X_WORDSIZE='64'
GPL_CODE_PRESENT_FALSE=''
GPL_CODE_PRESENT_TRUE='#'
GREP='/usr/bin/grep'
HAVE_HIDDEN_VISIBILITY_ATTRIBUTE_FALSE=''
HAVE_HIDDEN_VISIBILITY_ATTRIBUTE_TRUE='#'
HAVE_NONCONSTANT_CLOCK_FALSE='#'
HAVE_NONCONSTANT_CLOCK_TRUE=''
INSTALL_DATA='${INSTALL} -m 644'
INSTALL_PROGRAM='${INSTALL}'
INSTALL_SCRIPT='${INSTALL}'
INSTALL_STRIP_PROGRAM='$(install_sh) -c -s'
LD='/Library/Developer/CommandLineTools/usr/bin/ld'
LDFLAGS='-Wl,-rpath,/opt/anaconda3/lib -L/opt/anaconda3/lib'
LIBOBJS=''
LIBS=''
LIBTOOL='$(SHELL) $(top_builddir)/libtool'
LIPO='lipo'
LN_S='ln -s'
LTLIBOBJS=''
LT_SYS_LIBRARY_PATH=''
MAINT='#'
MAINTAINER_MODE_FALSE=''
MAINTAINER_MODE_TRUE='#'
MAKEINFO='${SHELL} '\''/Users/samernajjar/Desktop/cado-nfs-master/gf2x/config/missing'\'' makeinfo'
MANIFEST_TOOL=':'
MKDIR_P='/Users/samernajjar/Desktop/cado-nfs-master/gf2x/config/install-sh -c -d'
NM='/usr/bin/nm -B'
NMEDIT='nmedit'
OBJDUMP='objdump'
OBJEXT='o'
OTOOL64=':'
OTOOL='otool'
PACKAGE='gf2x'
PACKAGE_BUGREPORT=''
PACKAGE_NAME='gf2x'
PACKAGE_STRING='gf2x 1.3.1dev'
PACKAGE_TARNAME='gf2x'
PACKAGE_URL=''
PACKAGE_VERSION='1.3.1dev'
PATH_SEPARATOR=':'
RANLIB='ranlib'
SED='/usr/bin/sed'
SET_MAKE=''
SHELL='/bin/sh'
STRIP='strip'
VERSION='1.3.1dev'
WORDSIZE_IS_64_FALSE='#'
WORDSIZE_IS_64_TRUE=''
ac_ct_AR='ar'
ac_ct_CC='/Users/samernajjar/Desktop/cado-nfs-master/build/Samers-MBP/cc'
ac_ct_CXX=''
ac_ct_DUMPBIN=''
am__EXEEXT_FALSE=''
am__EXEEXT_TRUE='#'
am__fastdepCC_FALSE=''
am__fastdepCC_TRUE='#'
am__fastdepCXX_FALSE=''
am__fastdepCXX_TRUE='#'
am__include='include'
am__isrc=' -I$(srcdir)'
am__leading_dot='.'
am__nodep=''
am__quote=''
am__tar='$${TAR-tar} chof - "$$tardir"'
am__untar='$${TAR-tar} xf -'
bindir='${exec_prefix}/bin'
build='x86_64-apple-darwin20.6.0'
build_alias=''
build_cpu='x86_64'
build_os='darwin20.6.0'
build_vendor='apple'
datadir='${datarootdir}'
datarootdir='${prefix}/share'
docdir='${datarootdir}/doc/${PACKAGE_TARNAME}'
dvidir='${docdir}'
exec_prefix='${prefix}'
gf2x_fft_lib_version='3:1:0'
gf2x_lib_version='3:0:0'
host='x86_64-apple-darwin20.6.0'
host_alias=''
host_cpu='x86_64'
host_os='darwin20.6.0'
host_vendor='apple'
htmldir='${docdir}'
includedir='${prefix}/include'
infodir='${datarootdir}/info'
install_sh='${SHELL} /Users/samernajjar/Desktop/cado-nfs-master/gf2x/config/install-sh'
libdir='${exec_prefix}/lib'
libexecdir='${exec_prefix}/libexec'
localedir='${datarootdir}/locale'
localstatedir='${prefix}/var'
mandir='${datarootdir}/man'
mkdir_p='$(MKDIR_P)'
oldincludedir='/usr/include'
pdfdir='${docdir}'
prefix='/usr/local'
program_transform_name='s,x,x,'
psdir='${docdir}'
runstatedir='${localstatedir}/run'
sbindir='${exec_prefix}/sbin'
sharedstatedir='${prefix}/com'
sysconfdir='${prefix}/etc'
target='x86_64-apple-darwin20.6.0'
target_alias=''
target_cpu='x86_64'
target_os='darwin20.6.0'
target_vendor='apple'

## ----------- ##
## confdefs.h. ##
## ----------- ##

/* confdefs.h */
#define PACKAGE_NAME "gf2x"
#define PACKAGE_TARNAME "gf2x"
#define PACKAGE_VERSION "1.3.1dev"
#define PACKAGE_STRING "gf2x 1.3.1dev"
#define PACKAGE_BUGREPORT ""
#define PACKAGE_URL ""
#define HAVE_STDIO_H 1
#define HAVE_STDLIB_H 1
#define HAVE_STRING_H 1
#define HAVE_INTTYPES_H 1
#define HAVE_STDINT_H 1
#define HAVE_STRINGS_H 1
#define HAVE_SYS_STAT_H 1
#define HAVE_SYS_TYPES_H 1
#define HAVE_UNISTD_H 1
#define STDC_HEADERS 1
#define HAVE_ALLOCA_H 1
#define HAVE_ALLOCA 1
#define PACKAGE "gf2x"
#define VERSION "1.3.1dev"
#define HAVE_DLFCN_H 1
#define LT_OBJDIR ".libs/"
#define GF2X_HAS_FFT_INTERFACE_SUPPORT 1
#define HAVE_NONCONSTANT_CLOCK 1
#define SIZEOF_UNSIGNED_LONG 8
#define GF2X_HAVE_SSE2_SUPPORT 1
#define GF2X_HAVE_SSE3_SUPPORT 1
#define GF2X_HAVE_SSSE3_SUPPORT 1
#define GF2X_HAVE_SSE41_SUPPORT 1
#define GF2X_HAVE_PCLMUL_SUPPORT 1
#define GPL_CODE_PRESENT 0
#define GF2X_IS_LGPL_VARIANT 1

configure: exit 0
