Compiling the C compiler identification source file "CMakeCCompilerId.c" failed.
Compiler: /Library/Developer/CommandLineTools/usr/bin/cc 
Build flags: -O2
Id flags: 

The output was:
1
ld: library not found for -lSystem
clang: error: linker command failed with exit code 1 (use -v to see invocation)


Compiling the CXX compiler identification source file "CMakeCXXCompilerId.cpp" failed.
Compiler: /Library/Developer/CommandLineTools/usr/bin/c++ 
Build flags: -O2
Id flags: 

The output was:
1
ld: library not found for -lc++
clang: error: linker command failed with exit code 1 (use -v to see invocation)


Performing C++ SOURCE FILE Test UINT64_T_IS_EXACTLY_UNSIGNED_LONG failed with the following output:
Change Dir: /Users/samernajjar/Desktop/cado-nfs-master/build/Samers-MBP/CMakeFiles/CMakeTmp

Run Build Command:"/Library/Developer/CommandLineTools/usr/bin/make" "cmTC_08170/fast"
/Library/Developer/CommandLineTools/usr/bin/make -f CMakeFiles/cmTC_08170.dir/build.make CMakeFiles/cmTC_08170.dir/build
Building CXX object CMakeFiles/cmTC_08170.dir/src.cxx.o
/Library/Developer/CommandLineTools/usr/bin/c++    -I/opt/anaconda3/include  -std=c++11 -O2  -DUINT64_T_IS_EXACTLY_UNSIGNED_LONG -isysroot /Library/Developer/CommandLineTools/SDKs/MacOSX12.1.sdk -mmacosx-version-min=11.6   -o CMakeFiles/cmTC_08170.dir/src.cxx.o -c /Users/samernajjar/Desktop/cado-nfs-master/build/Samers-MBP/CMakeFiles/CMakeTmp/src.cxx
/Users/samernajjar/Desktop/cado-nfs-master/build/Samers-MBP/CMakeFiles/CMakeTmp/src.cxx:8:5: error: static_assert failed due to requirement 'std::is_same<unsigned long long, unsigned long>::value' "not this type"
    static_assert(std::is_same<uint64_t, unsigned long>::value, "not this type");
    ^             ~~~~~~~~~~~~~~~~~~~~~~~~~~~~~~~~~~~~~~~~~~~~
1 error generated.
make[2]: *** [CMakeFiles/cmTC_08170.dir/src.cxx.o] Error 1
make[1]: *** [cmTC_08170/fast] Error 2

Source file was:

#include <type_traits>
#include <stdint.h>
#include <stdio.h>
#include <gmp.h>
int main()
{
    static_assert(std::is_same<uint64_t, unsigned long>::value, "not this type");
    return 0;
}

Performing C++ SOURCE FILE Test UNSIGNED_LONG_LONG_IS_EXACTLY_UNSIGNED_LONG failed with the following output:
Change Dir: /Users/samernajjar/Desktop/cado-nfs-master/build/Samers-MBP/CMakeFiles/CMakeTmp

Run Build Command:"/Library/Developer/CommandLineTools/usr/bin/make" "cmTC_f9e15/fast"
/Library/Developer/CommandLineTools/usr/bin/make -f CMakeFiles/cmTC_f9e15.dir/build.make CMakeFiles/cmTC_f9e15.dir/build
Building CXX object CMakeFiles/cmTC_f9e15.dir/src.cxx.o
/Library/Developer/CommandLineTools/usr/bin/c++    -I/opt/anaconda3/include  -std=c++11 -O2  -DUNSIGNED_LONG_LONG_IS_EXACTLY_UNSIGNED_LONG -isysroot /Library/Developer/CommandLineTools/SDKs/MacOSX12.1.sdk -mmacosx-version-min=11.6   -o CMakeFiles/cmTC_f9e15.dir/src.cxx.o -c /Users/samernajjar/Desktop/cado-nfs-master/build/Samers-MBP/CMakeFiles/CMakeTmp/src.cxx
/Users/samernajjar/Desktop/cado-nfs-master/build/Samers-MBP/CMakeFiles/CMakeTmp/src.cxx:8:5: error: static_assert failed due to requirement 'std::is_same<unsigned long long, unsigned long>::value' "not this type"
    static_assert(std::is_same<unsigned long long, unsigned long>::value, "not this type");
    ^             ~~~~~~~~~~~~~~~~~~~~~~~~~~~~~~~~~~~~~~~~~~~~~~~~~~~~~~
1 error generated.
make[2]: *** [CMakeFiles/cmTC_f9e15.dir/src.cxx.o] Error 1
make[1]: *** [cmTC_f9e15/fast] Error 2

Source file was:

#include <type_traits>
#include <stdint.h>
#include <stdio.h>
#include <gmp.h>
int main()
{
    static_assert(std::is_same<unsigned long long, unsigned long>::value, "not this type");
    return 0;
}

Performing C++ SOURCE FILE Test UNSIGNED_LONG_IS_EXACTLY_UNSIGNED failed with the following output:
Change Dir: /Users/samernajjar/Desktop/cado-nfs-master/build/Samers-MBP/CMakeFiles/CMakeTmp

Run Build Command:"/Library/Developer/CommandLineTools/usr/bin/make" "cmTC_5c1ad/fast"
/Library/Developer/CommandLineTools/usr/bin/make -f CMakeFiles/cmTC_5c1ad.dir/build.make CMakeFiles/cmTC_5c1ad.dir/build
Building CXX object CMakeFiles/cmTC_5c1ad.dir/src.cxx.o
/Library/Developer/CommandLineTools/usr/bin/c++    -I/opt/anaconda3/include  -std=c++11 -O2  -DUNSIGNED_LONG_IS_EXACTLY_UNSIGNED -isysroot /Library/Developer/CommandLineTools/SDKs/MacOSX12.1.sdk -mmacosx-version-min=11.6   -o CMakeFiles/cmTC_5c1ad.dir/src.cxx.o -c /Users/samernajjar/Desktop/cado-nfs-master/build/Samers-MBP/CMakeFiles/CMakeTmp/src.cxx
/Users/samernajjar/Desktop/cado-nfs-master/build/Samers-MBP/CMakeFiles/CMakeTmp/src.cxx:8:5: error: static_assert failed due to requirement 'std::is_same<unsigned long, unsigned int>::value' "not this type"
    static_assert(std::is_same<unsigned long, unsigned int>::value, "not this type");
    ^             ~~~~~~~~~~~~~~~~~~~~~~~~~~~~~~~~~~~~~~~~~~~~~~~~
1 error generated.
make[2]: *** [CMakeFiles/cmTC_5c1ad.dir/src.cxx.o] Error 1
make[1]: *** [cmTC_5c1ad/fast] Error 2

Source file was:

#include <type_traits>
#include <stdint.h>
#include <stdio.h>
#include <gmp.h>
int main()
{
    static_assert(std::is_same<unsigned long, unsigned int>::value, "not this type");
    return 0;
}

Performing C++ SOURCE FILE Test UNSIGNED_LONG_IS_COMPATIBLE_WITH_UNSIGNED failed with the following output:
Change Dir: /Users/samernajjar/Desktop/cado-nfs-master/build/Samers-MBP/CMakeFiles/CMakeTmp

Run Build Command:"/Library/Developer/CommandLineTools/usr/bin/make" "cmTC_5a6f0/fast"
/Library/Developer/CommandLineTools/usr/bin/make -f CMakeFiles/cmTC_5a6f0.dir/build.make CMakeFiles/cmTC_5a6f0.dir/build
Building CXX object CMakeFiles/cmTC_5a6f0.dir/src.cxx.o
/Library/Developer/CommandLineTools/usr/bin/c++    -I/opt/anaconda3/include  -std=c++11 -O2  -DUNSIGNED_LONG_IS_COMPATIBLE_WITH_UNSIGNED -isysroot /Library/Developer/CommandLineTools/SDKs/MacOSX12.1.sdk -mmacosx-version-min=11.6   -o CMakeFiles/cmTC_5a6f0.dir/src.cxx.o -c /Users/samernajjar/Desktop/cado-nfs-master/build/Samers-MBP/CMakeFiles/CMakeTmp/src.cxx
/Users/samernajjar/Desktop/cado-nfs-master/build/Samers-MBP/CMakeFiles/CMakeTmp/src.cxx:8:5: error: static_assert failed due to requirement 'std::is_same<unsigned long, unsigned int>::value || (sizeof(unsigned long) == sizeof(unsigned int) && std::is_signed<unsigned long>::value == std::is_signed<unsigned int>::value)' "not this type"
    static_assert(std::is_same<unsigned long, unsigned int>::value ||
    ^             ~~~~~~~~~~~~~~~~~~~~~~~~~~~~~~~~~~~~~~~~~~~~~~~~~~~
1 error generated.
make[2]: *** [CMakeFiles/cmTC_5a6f0.dir/src.cxx.o] Error 1
make[1]: *** [cmTC_5a6f0/fast] Error 2

Source file was:

#include <type_traits>
#include <stdint.h>
#include <stdio.h>
#include <gmp.h>
int main()
{
    static_assert(std::is_same<unsigned long, unsigned int>::value ||
        (sizeof(unsigned long) == sizeof(unsigned int)
        && std::is_signed<unsigned long>::value == std::is_signed<unsigned int>::value)
        , "not this type");
    return 0;
}

Performing C++ SOURCE FILE Test SIZE_T_IS_EXACTLY_UNSIGNED_LONG_LONG failed with the following output:
Change Dir: /Users/samernajjar/Desktop/cado-nfs-master/build/Samers-MBP/CMakeFiles/CMakeTmp

Run Build Command:"/Library/Developer/CommandLineTools/usr/bin/make" "cmTC_d2aaa/fast"
/Library/Developer/CommandLineTools/usr/bin/make -f CMakeFiles/cmTC_d2aaa.dir/build.make CMakeFiles/cmTC_d2aaa.dir/build
Building CXX object CMakeFiles/cmTC_d2aaa.dir/src.cxx.o
/Library/Developer/CommandLineTools/usr/bin/c++    -I/opt/anaconda3/include  -std=c++11 -O2  -DSIZE_T_IS_EXACTLY_UNSIGNED_LONG_LONG -isysroot /Library/Developer/CommandLineTools/SDKs/MacOSX12.1.sdk -mmacosx-version-min=11.6   -o CMakeFiles/cmTC_d2aaa.dir/src.cxx.o -c /Users/samernajjar/Desktop/cado-nfs-master/build/Samers-MBP/CMakeFiles/CMakeTmp/src.cxx
/Users/samernajjar/Desktop/cado-nfs-master/build/Samers-MBP/CMakeFiles/CMakeTmp/src.cxx:8:5: error: static_assert failed due to requirement 'std::is_same<unsigned long, unsigned long long>::value' "not this type"
    static_assert(std::is_same<size_t, unsigned long long>::value, "not this type");
    ^             ~~~~~~~~~~~~~~~~~~~~~~~~~~~~~~~~~~~~~~~~~~~~~~~
1 error generated.
make[2]: *** [CMakeFiles/cmTC_d2aaa.dir/src.cxx.o] Error 1
make[1]: *** [cmTC_d2aaa/fast] Error 2

Source file was:

#include <type_traits>
#include <stdint.h>
#include <stdio.h>
#include <gmp.h>
int main()
{
    static_assert(std::is_same<size_t, unsigned long long>::value, "not this type");
    return 0;
}

Performing C++ SOURCE FILE Test MP_LIMB_T_IS_EXACTLY_UNSIGNED_LONG_LONG failed with the following output:
Change Dir: /Users/samernajjar/Desktop/cado-nfs-master/build/Samers-MBP/CMakeFiles/CMakeTmp

Run Build Command:"/Library/Developer/CommandLineTools/usr/bin/make" "cmTC_a8c6b/fast"
/Library/Developer/CommandLineTools/usr/bin/make -f CMakeFiles/cmTC_a8c6b.dir/build.make CMakeFiles/cmTC_a8c6b.dir/build
Building CXX object CMakeFiles/cmTC_a8c6b.dir/src.cxx.o
/Library/Developer/CommandLineTools/usr/bin/c++    -I/opt/anaconda3/include  -std=c++11 -O2  -DMP_LIMB_T_IS_EXACTLY_UNSIGNED_LONG_LONG -isysroot /Library/Developer/CommandLineTools/SDKs/MacOSX12.1.sdk -mmacosx-version-min=11.6   -o CMakeFiles/cmTC_a8c6b.dir/src.cxx.o -c /Users/samernajjar/Desktop/cado-nfs-master/build/Samers-MBP/CMakeFiles/CMakeTmp/src.cxx
/Users/samernajjar/Desktop/cado-nfs-master/build/Samers-MBP/CMakeFiles/CMakeTmp/src.cxx:8:5: error: static_assert failed due to requirement 'std::is_same<unsigned long, unsigned long long>::value' "not this type"
    static_assert(std::is_same<mp_limb_t, unsigned long long>::value, "not this type");
    ^             ~~~~~~~~~~~~~~~~~~~~~~~~~~~~~~~~~~~~~~~~~~~~~~~~~~
1 error generated.
make[2]: *** [CMakeFiles/cmTC_a8c6b.dir/src.cxx.o] Error 1
make[1]: *** [cmTC_a8c6b/fast] Error 2

Source file was:

#include <type_traits>
#include <stdint.h>
#include <stdio.h>
#include <gmp.h>
int main()
{
    static_assert(std::is_same<mp_limb_t, unsigned long long>::value, "not this type");
    return 0;
}

Performing C++ SOURCE FILE Test UINT32_T_IS_EXACTLY_UNSIGNED_LONG failed with the following output:
Change Dir: /Users/samernajjar/Desktop/cado-nfs-master/build/Samers-MBP/CMakeFiles/CMakeTmp

Run Build Command:"/Library/Developer/CommandLineTools/usr/bin/make" "cmTC_b6ca6/fast"
/Library/Developer/CommandLineTools/usr/bin/make -f CMakeFiles/cmTC_b6ca6.dir/build.make CMakeFiles/cmTC_b6ca6.dir/build
Building CXX object CMakeFiles/cmTC_b6ca6.dir/src.cxx.o
/Library/Developer/CommandLineTools/usr/bin/c++    -I/opt/anaconda3/include  -std=c++11 -O2  -DUINT32_T_IS_EXACTLY_UNSIGNED_LONG -isysroot /Library/Developer/CommandLineTools/SDKs/MacOSX12.1.sdk -mmacosx-version-min=11.6   -o CMakeFiles/cmTC_b6ca6.dir/src.cxx.o -c /Users/samernajjar/Desktop/cado-nfs-master/build/Samers-MBP/CMakeFiles/CMakeTmp/src.cxx
/Users/samernajjar/Desktop/cado-nfs-master/build/Samers-MBP/CMakeFiles/CMakeTmp/src.cxx:8:5: error: static_assert failed due to requirement 'std::is_same<unsigned int, unsigned long>::value' "not this type"
    static_assert(std::is_same<uint32_t, unsigned long>::value, "not this type");
    ^             ~~~~~~~~~~~~~~~~~~~~~~~~~~~~~~~~~~~~~~~~~~~~
1 error generated.
make[2]: *** [CMakeFiles/cmTC_b6ca6.dir/src.cxx.o] Error 1
make[1]: *** [cmTC_b6ca6/fast] Error 2

Source file was:

#include <type_traits>
#include <stdint.h>
#include <stdio.h>
#include <gmp.h>
int main()
{
    static_assert(std::is_same<uint32_t, unsigned long>::value, "not this type");
    return 0;
}

Performing C++ SOURCE FILE Test UINT32_T_IS_COMPATIBLE_WITH_UNSIGNED_LONG failed with the following output:
Change Dir: /Users/samernajjar/Desktop/cado-nfs-master/build/Samers-MBP/CMakeFiles/CMakeTmp

Run Build Command:"/Library/Developer/CommandLineTools/usr/bin/make" "cmTC_8a88a/fast"
/Library/Developer/CommandLineTools/usr/bin/make -f CMakeFiles/cmTC_8a88a.dir/build.make CMakeFiles/cmTC_8a88a.dir/build
Building CXX object CMakeFiles/cmTC_8a88a.dir/src.cxx.o
/Library/Developer/CommandLineTools/usr/bin/c++    -I/opt/anaconda3/include  -std=c++11 -O2  -DUINT32_T_IS_COMPATIBLE_WITH_UNSIGNED_LONG -isysroot /Library/Developer/CommandLineTools/SDKs/MacOSX12.1.sdk -mmacosx-version-min=11.6   -o CMakeFiles/cmTC_8a88a.dir/src.cxx.o -c /Users/samernajjar/Desktop/cado-nfs-master/build/Samers-MBP/CMakeFiles/CMakeTmp/src.cxx
/Users/samernajjar/Desktop/cado-nfs-master/build/Samers-MBP/CMakeFiles/CMakeTmp/src.cxx:8:5: error: static_assert failed due to requirement 'std::is_same<unsigned int, unsigned long>::value || (sizeof(unsigned int) == sizeof(unsigned long) && std::is_signed<unsigned int>::value == std::is_signed<unsigned long>::value)' "not this type"
    static_assert(std::is_same<uint32_t, unsigned long>::value ||
    ^             ~~~~~~~~~~~~~~~~~~~~~~~~~~~~~~~~~~~~~~~~~~~~~~~
1 error generated.
make[2]: *** [CMakeFiles/cmTC_8a88a.dir/src.cxx.o] Error 1
make[1]: *** [cmTC_8a88a/fast] Error 2

Source file was:

#include <type_traits>
#include <stdint.h>
#include <stdio.h>
#include <gmp.h>
int main()
{
    static_assert(std::is_same<uint32_t, unsigned long>::value ||
        (sizeof(uint32_t) == sizeof(unsigned long)
        && std::is_signed<uint32_t>::value == std::is_signed<unsigned long>::value)
        , "not this type");
    return 0;
}

Performing C++ SOURCE FILE Test INT64_T_IS_EXACTLY_LONG failed with the following output:
Change Dir: /Users/samernajjar/Desktop/cado-nfs-master/build/Samers-MBP/CMakeFiles/CMakeTmp

Run Build Command:"/Library/Developer/CommandLineTools/usr/bin/make" "cmTC_7bb8a/fast"
/Library/Developer/CommandLineTools/usr/bin/make -f CMakeFiles/cmTC_7bb8a.dir/build.make CMakeFiles/cmTC_7bb8a.dir/build
Building CXX object CMakeFiles/cmTC_7bb8a.dir/src.cxx.o
/Library/Developer/CommandLineTools/usr/bin/c++    -I/opt/anaconda3/include  -std=c++11 -O2  -DINT64_T_IS_EXACTLY_LONG -isysroot /Library/Developer/CommandLineTools/SDKs/MacOSX12.1.sdk -mmacosx-version-min=11.6   -o CMakeFiles/cmTC_7bb8a.dir/src.cxx.o -c /Users/samernajjar/Desktop/cado-nfs-master/build/Samers-MBP/CMakeFiles/CMakeTmp/src.cxx
/Users/samernajjar/Desktop/cado-nfs-master/build/Samers-MBP/CMakeFiles/CMakeTmp/src.cxx:8:5: error: static_assert failed due to requirement 'std::is_same<long long, long>::value' "not this type"
    static_assert(std::is_same<int64_t, long>::value, "not this type");
    ^             ~~~~~~~~~~~~~~~~~~~~~~~~~~~~~~~~~~
1 error generated.
make[2]: *** [CMakeFiles/cmTC_7bb8a.dir/src.cxx.o] Error 1
make[1]: *** [cmTC_7bb8a/fast] Error 2

Source file was:

#include <type_traits>
#include <stdint.h>
#include <stdio.h>
#include <gmp.h>
int main()
{
    static_assert(std::is_same<int64_t, long>::value, "not this type");
    return 0;
}

Performing C++ SOURCE FILE Test LONG_LONG_IS_EXACTLY_LONG failed with the following output:
Change Dir: /Users/samernajjar/Desktop/cado-nfs-master/build/Samers-MBP/CMakeFiles/CMakeTmp

Run Build Command:"/Library/Developer/CommandLineTools/usr/bin/make" "cmTC_92036/fast"
/Library/Developer/CommandLineTools/usr/bin/make -f CMakeFiles/cmTC_92036.dir/build.make CMakeFiles/cmTC_92036.dir/build
Building CXX object CMakeFiles/cmTC_92036.dir/src.cxx.o
/Library/Developer/CommandLineTools/usr/bin/c++    -I/opt/anaconda3/include  -std=c++11 -O2  -DLONG_LONG_IS_EXACTLY_LONG -isysroot /Library/Developer/CommandLineTools/SDKs/MacOSX12.1.sdk -mmacosx-version-min=11.6   -o CMakeFiles/cmTC_92036.dir/src.cxx.o -c /Users/samernajjar/Desktop/cado-nfs-master/build/Samers-MBP/CMakeFiles/CMakeTmp/src.cxx
/Users/samernajjar/Desktop/cado-nfs-master/build/Samers-MBP/CMakeFiles/CMakeTmp/src.cxx:8:5: error: static_assert failed due to requirement 'std::is_same<long long, long>::value' "not this type"
    static_assert(std::is_same<long long, long>::value, "not this type");
    ^             ~~~~~~~~~~~~~~~~~~~~~~~~~~~~~~~~~~~~
1 error generated.
make[2]: *** [CMakeFiles/cmTC_92036.dir/src.cxx.o] Error 1
make[1]: *** [cmTC_92036/fast] Error 2

Source file was:

#include <type_traits>
#include <stdint.h>
#include <stdio.h>
#include <gmp.h>
int main()
{
    static_assert(std::is_same<long long, long>::value, "not this type");
    return 0;
}

Performing C++ SOURCE FILE Test LONG_IS_EXACTLY_INT failed with the following output:
Change Dir: /Users/samernajjar/Desktop/cado-nfs-master/build/Samers-MBP/CMakeFiles/CMakeTmp

Run Build Command:"/Library/Developer/CommandLineTools/usr/bin/make" "cmTC_2412a/fast"
/Library/Developer/CommandLineTools/usr/bin/make -f CMakeFiles/cmTC_2412a.dir/build.make CMakeFiles/cmTC_2412a.dir/build
Building CXX object CMakeFiles/cmTC_2412a.dir/src.cxx.o
/Library/Developer/CommandLineTools/usr/bin/c++    -I/opt/anaconda3/include  -std=c++11 -O2  -DLONG_IS_EXACTLY_INT -isysroot /Library/Developer/CommandLineTools/SDKs/MacOSX12.1.sdk -mmacosx-version-min=11.6   -o CMakeFiles/cmTC_2412a.dir/src.cxx.o -c /Users/samernajjar/Desktop/cado-nfs-master/build/Samers-MBP/CMakeFiles/CMakeTmp/src.cxx
/Users/samernajjar/Desktop/cado-nfs-master/build/Samers-MBP/CMakeFiles/CMakeTmp/src.cxx:8:5: error: static_assert failed due to requirement 'std::is_same<long, int>::value' "not this type"
    static_assert(std::is_same<long, int>::value, "not this type");
    ^             ~~~~~~~~~~~~~~~~~~~~~~~~~~~~~~
1 error generated.
make[2]: *** [CMakeFiles/cmTC_2412a.dir/src.cxx.o] Error 1
make[1]: *** [cmTC_2412a/fast] Error 2

Source file was:

#include <type_traits>
#include <stdint.h>
#include <stdio.h>
#include <gmp.h>
int main()
{
    static_assert(std::is_same<long, int>::value, "not this type");
    return 0;
}

Performing C++ SOURCE FILE Test LONG_IS_COMPATIBLE_WITH_INT failed with the following output:
Change Dir: /Users/samernajjar/Desktop/cado-nfs-master/build/Samers-MBP/CMakeFiles/CMakeTmp

Run Build Command:"/Library/Developer/CommandLineTools/usr/bin/make" "cmTC_60092/fast"
/Library/Developer/CommandLineTools/usr/bin/make -f CMakeFiles/cmTC_60092.dir/build.make CMakeFiles/cmTC_60092.dir/build
Building CXX object CMakeFiles/cmTC_60092.dir/src.cxx.o
/Library/Developer/CommandLineTools/usr/bin/c++    -I/opt/anaconda3/include  -std=c++11 -O2  -DLONG_IS_COMPATIBLE_WITH_INT -isysroot /Library/Developer/CommandLineTools/SDKs/MacOSX12.1.sdk -mmacosx-version-min=11.6   -o CMakeFiles/cmTC_60092.dir/src.cxx.o -c /Users/samernajjar/Desktop/cado-nfs-master/build/Samers-MBP/CMakeFiles/CMakeTmp/src.cxx
/Users/samernajjar/Desktop/cado-nfs-master/build/Samers-MBP/CMakeFiles/CMakeTmp/src.cxx:8:5: error: static_assert failed due to requirement 'std::is_same<long, int>::value || (sizeof(long) == sizeof(int) && std::is_signed<long>::value == std::is_signed<int>::value)' "not this type"
    static_assert(std::is_same<long, int>::value ||
    ^             ~~~~~~~~~~~~~~~~~~~~~~~~~~~~~~~~~
1 error generated.
make[2]: *** [CMakeFiles/cmTC_60092.dir/src.cxx.o] Error 1
make[1]: *** [cmTC_60092/fast] Error 2

Source file was:

#include <type_traits>
#include <stdint.h>
#include <stdio.h>
#include <gmp.h>
int main()
{
    static_assert(std::is_same<long, int>::value ||
        (sizeof(long) == sizeof(int)
        && std::is_signed<long>::value == std::is_signed<int>::value)
        , "not this type");
    return 0;
}

Performing C++ SOURCE FILE Test SSIZE_T_IS_EXACTLY_LONG_LONG failed with the following output:
Change Dir: /Users/samernajjar/Desktop/cado-nfs-master/build/Samers-MBP/CMakeFiles/CMakeTmp

Run Build Command:"/Library/Developer/CommandLineTools/usr/bin/make" "cmTC_b00cf/fast"
/Library/Developer/CommandLineTools/usr/bin/make -f CMakeFiles/cmTC_b00cf.dir/build.make CMakeFiles/cmTC_b00cf.dir/build
Building CXX object CMakeFiles/cmTC_b00cf.dir/src.cxx.o
/Library/Developer/CommandLineTools/usr/bin/c++    -I/opt/anaconda3/include  -std=c++11 -O2  -DSSIZE_T_IS_EXACTLY_LONG_LONG -isysroot /Library/Developer/CommandLineTools/SDKs/MacOSX12.1.sdk -mmacosx-version-min=11.6   -o CMakeFiles/cmTC_b00cf.dir/src.cxx.o -c /Users/samernajjar/Desktop/cado-nfs-master/build/Samers-MBP/CMakeFiles/CMakeTmp/src.cxx
/Users/samernajjar/Desktop/cado-nfs-master/build/Samers-MBP/CMakeFiles/CMakeTmp/src.cxx:8:5: error: static_assert failed due to requirement 'std::is_same<long, long long>::value' "not this type"
    static_assert(std::is_same<ssize_t, long long>::value, "not this type");
    ^             ~~~~~~~~~~~~~~~~~~~~~~~~~~~~~~~~~~~~~~~
1 error generated.
make[2]: *** [CMakeFiles/cmTC_b00cf.dir/src.cxx.o] Error 1
make[1]: *** [cmTC_b00cf/fast] Error 2

Source file was:

#include <type_traits>
#include <stdint.h>
#include <stdio.h>
#include <gmp.h>
int main()
{
    static_assert(std::is_same<ssize_t, long long>::value, "not this type");
    return 0;
}

Performing C++ SOURCE FILE Test INT32_T_IS_EXACTLY_LONG failed with the following output:
Change Dir: /Users/samernajjar/Desktop/cado-nfs-master/build/Samers-MBP/CMakeFiles/CMakeTmp

Run Build Command:"/Library/Developer/CommandLineTools/usr/bin/make" "cmTC_4a6a0/fast"
/Library/Developer/CommandLineTools/usr/bin/make -f CMakeFiles/cmTC_4a6a0.dir/build.make CMakeFiles/cmTC_4a6a0.dir/build
Building CXX object CMakeFiles/cmTC_4a6a0.dir/src.cxx.o
/Library/Developer/CommandLineTools/usr/bin/c++    -I/opt/anaconda3/include  -std=c++11 -O2  -DINT32_T_IS_EXACTLY_LONG -isysroot /Library/Developer/CommandLineTools/SDKs/MacOSX12.1.sdk -mmacosx-version-min=11.6   -o CMakeFiles/cmTC_4a6a0.dir/src.cxx.o -c /Users/samernajjar/Desktop/cado-nfs-master/build/Samers-MBP/CMakeFiles/CMakeTmp/src.cxx
/Users/samernajjar/Desktop/cado-nfs-master/build/Samers-MBP/CMakeFiles/CMakeTmp/src.cxx:8:5: error: static_assert failed due to requirement 'std::is_same<int, long>::value' "not this type"
    static_assert(std::is_same<int32_t, long>::value, "not this type");
    ^             ~~~~~~~~~~~~~~~~~~~~~~~~~~~~~~~~~~
1 error generated.
make[2]: *** [CMakeFiles/cmTC_4a6a0.dir/src.cxx.o] Error 1
make[1]: *** [cmTC_4a6a0/fast] Error 2

Source file was:

#include <type_traits>
#include <stdint.h>
#include <stdio.h>
#include <gmp.h>
int main()
{
    static_assert(std::is_same<int32_t, long>::value, "not this type");
    return 0;
}

Performing C++ SOURCE FILE Test INT32_T_IS_COMPATIBLE_WITH_LONG failed with the following output:
Change Dir: /Users/samernajjar/Desktop/cado-nfs-master/build/Samers-MBP/CMakeFiles/CMakeTmp

Run Build Command:"/Library/Developer/CommandLineTools/usr/bin/make" "cmTC_ac19c/fast"
/Library/Developer/CommandLineTools/usr/bin/make -f CMakeFiles/cmTC_ac19c.dir/build.make CMakeFiles/cmTC_ac19c.dir/build
Building CXX object CMakeFiles/cmTC_ac19c.dir/src.cxx.o
/Library/Developer/CommandLineTools/usr/bin/c++    -I/opt/anaconda3/include  -std=c++11 -O2  -DINT32_T_IS_COMPATIBLE_WITH_LONG -isysroot /Library/Developer/CommandLineTools/SDKs/MacOSX12.1.sdk -mmacosx-version-min=11.6   -o CMakeFiles/cmTC_ac19c.dir/src.cxx.o -c /Users/samernajjar/Desktop/cado-nfs-master/build/Samers-MBP/CMakeFiles/CMakeTmp/src.cxx
/Users/samernajjar/Desktop/cado-nfs-master/build/Samers-MBP/CMakeFiles/CMakeTmp/src.cxx:8:5: error: static_assert failed due to requirement 'std::is_same<int, long>::value || (sizeof(int) == sizeof(long) && std::is_signed<int>::value == std::is_signed<long>::value)' "not this type"
    static_assert(std::is_same<int32_t, long>::value ||
    ^             ~~~~~~~~~~~~~~~~~~~~~~~~~~~~~~~~~~~~~
1 error generated.
make[2]: *** [CMakeFiles/cmTC_ac19c.dir/src.cxx.o] Error 1
make[1]: *** [cmTC_ac19c/fast] Error 2

Source file was:

#include <type_traits>
#include <stdint.h>
#include <stdio.h>
#include <gmp.h>
int main()
{
    static_assert(std::is_same<int32_t, long>::value ||
        (sizeof(int32_t) == sizeof(long)
        && std::is_signed<int32_t>::value == std::is_signed<long>::value)
        , "not this type");
    return 0;
}

Performing C++ SOURCE FILE Test MP_SIZE_T_IS_EXACTLY_LONG_LONG failed with the following output:
Change Dir: /Users/samernajjar/Desktop/cado-nfs-master/build/Samers-MBP/CMakeFiles/CMakeTmp

Run Build Command:"/Library/Developer/CommandLineTools/usr/bin/make" "cmTC_fba00/fast"
/Library/Developer/CommandLineTools/usr/bin/make -f CMakeFiles/cmTC_fba00.dir/build.make CMakeFiles/cmTC_fba00.dir/build
Building CXX object CMakeFiles/cmTC_fba00.dir/src.cxx.o
/Library/Developer/CommandLineTools/usr/bin/c++    -I/opt/anaconda3/include  -std=c++11 -O2  -DMP_SIZE_T_IS_EXACTLY_LONG_LONG -isysroot /Library/Developer/CommandLineTools/SDKs/MacOSX12.1.sdk -mmacosx-version-min=11.6   -o CMakeFiles/cmTC_fba00.dir/src.cxx.o -c /Users/samernajjar/Desktop/cado-nfs-master/build/Samers-MBP/CMakeFiles/CMakeTmp/src.cxx
/Users/samernajjar/Desktop/cado-nfs-master/build/Samers-MBP/CMakeFiles/CMakeTmp/src.cxx:8:5: error: static_assert failed due to requirement 'std::is_same<long, long long>::value' "not this type"
    static_assert(std::is_same<mp_size_t, long long>::value, "not this type");
    ^             ~~~~~~~~~~~~~~~~~~~~~~~~~~~~~~~~~~~~~~~~~
1 error generated.
make[2]: *** [CMakeFiles/cmTC_fba00.dir/src.cxx.o] Error 1
make[1]: *** [cmTC_fba00/fast] Error 2

Source file was:

#include <type_traits>
#include <stdint.h>
#include <stdio.h>
#include <gmp.h>
int main()
{
    static_assert(std::is_same<mp_size_t, long long>::value, "not this type");
    return 0;
}

Performing C++ SOURCE FILE Test MP_SIZE_T_IS_EXACTLY_INT failed with the following output:
Change Dir: /Users/samernajjar/Desktop/cado-nfs-master/build/Samers-MBP/CMakeFiles/CMakeTmp

Run Build Command:"/Library/Developer/CommandLineTools/usr/bin/make" "cmTC_d52f2/fast"
/Library/Developer/CommandLineTools/usr/bin/make -f CMakeFiles/cmTC_d52f2.dir/build.make CMakeFiles/cmTC_d52f2.dir/build
Building CXX object CMakeFiles/cmTC_d52f2.dir/src.cxx.o
/Library/Developer/CommandLineTools/usr/bin/c++    -I/opt/anaconda3/include  -std=c++11 -O2  -DMP_SIZE_T_IS_EXACTLY_INT -isysroot /Library/Developer/CommandLineTools/SDKs/MacOSX12.1.sdk -mmacosx-version-min=11.6   -o CMakeFiles/cmTC_d52f2.dir/src.cxx.o -c /Users/samernajjar/Desktop/cado-nfs-master/build/Samers-MBP/CMakeFiles/CMakeTmp/src.cxx
/Users/samernajjar/Desktop/cado-nfs-master/build/Samers-MBP/CMakeFiles/CMakeTmp/src.cxx:8:5: error: static_assert failed due to requirement 'std::is_same<long, int>::value' "not this type"
    static_assert(std::is_same<mp_size_t, int>::value, "not this type");
    ^             ~~~~~~~~~~~~~~~~~~~~~~~~~~~~~~~~~~~
1 error generated.
make[2]: *** [CMakeFiles/cmTC_d52f2.dir/src.cxx.o] Error 1
make[1]: *** [cmTC_d52f2/fast] Error 2

Source file was:

#include <type_traits>
#include <stdint.h>
#include <stdio.h>
#include <gmp.h>
int main()
{
    static_assert(std::is_same<mp_size_t, int>::value, "not this type");
    return 0;
}

Performing C++ SOURCE FILE Test MP_SIZE_T_IS_COMPATIBLE_WITH_INT failed with the following output:
Change Dir: /Users/samernajjar/Desktop/cado-nfs-master/build/Samers-MBP/CMakeFiles/CMakeTmp

Run Build Command:"/Library/Developer/CommandLineTools/usr/bin/make" "cmTC_6653f/fast"
/Library/Developer/CommandLineTools/usr/bin/make -f CMakeFiles/cmTC_6653f.dir/build.make CMakeFiles/cmTC_6653f.dir/build
Building CXX object CMakeFiles/cmTC_6653f.dir/src.cxx.o
/Library/Developer/CommandLineTools/usr/bin/c++    -I/opt/anaconda3/include  -std=c++11 -O2  -DMP_SIZE_T_IS_COMPATIBLE_WITH_INT -isysroot /Library/Developer/CommandLineTools/SDKs/MacOSX12.1.sdk -mmacosx-version-min=11.6   -o CMakeFiles/cmTC_6653f.dir/src.cxx.o -c /Users/samernajjar/Desktop/cado-nfs-master/build/Samers-MBP/CMakeFiles/CMakeTmp/src.cxx
/Users/samernajjar/Desktop/cado-nfs-master/build/Samers-MBP/CMakeFiles/CMakeTmp/src.cxx:8:5: error: static_assert failed due to requirement 'std::is_same<long, int>::value || (sizeof(long) == sizeof(int) && std::is_signed<long>::value == std::is_signed<int>::value)' "not this type"
    static_assert(std::is_same<mp_size_t, int>::value ||
    ^             ~~~~~~~~~~~~~~~~~~~~~~~~~~~~~~~~~~~~~~
1 error generated.
make[2]: *** [CMakeFiles/cmTC_6653f.dir/src.cxx.o] Error 1
make[1]: *** [cmTC_6653f/fast] Error 2

Source file was:

#include <type_traits>
#include <stdint.h>
#include <stdio.h>
#include <gmp.h>
int main()
{
    static_assert(std::is_same<mp_size_t, int>::value ||
        (sizeof(mp_size_t) == sizeof(int)
        && std::is_signed<mp_size_t>::value == std::is_signed<int>::value)
        , "not this type");
    return 0;
}

Performing C++ SOURCE FILE Test MPZ_INTERNAL_SIZE_T_IS_EXACTLY_LONG_LONG failed with the following output:
Change Dir: /Users/samernajjar/Desktop/cado-nfs-master/build/Samers-MBP/CMakeFiles/CMakeTmp

Run Build Command:"/Library/Developer/CommandLineTools/usr/bin/make" "cmTC_0d316/fast"
/Library/Developer/CommandLineTools/usr/bin/make -f CMakeFiles/cmTC_0d316.dir/build.make CMakeFiles/cmTC_0d316.dir/build
Building CXX object CMakeFiles/cmTC_0d316.dir/src.cxx.o
/Library/Developer/CommandLineTools/usr/bin/c++    -I/opt/anaconda3/include  -std=c++11 -O2  -DMPZ_INTERNAL_SIZE_T_IS_EXACTLY_LONG_LONG -isysroot /Library/Developer/CommandLineTools/SDKs/MacOSX12.1.sdk -mmacosx-version-min=11.6   -o CMakeFiles/cmTC_0d316.dir/src.cxx.o -c /Users/samernajjar/Desktop/cado-nfs-master/build/Samers-MBP/CMakeFiles/CMakeTmp/src.cxx
/Users/samernajjar/Desktop/cado-nfs-master/build/Samers-MBP/CMakeFiles/CMakeTmp/src.cxx:8:5: error: static_assert failed due to requirement 'std::is_same<int, long long>::value' "not this type"
    static_assert(std::is_same<decltype(__mpz_struct::_mp_size), long long>::value, "not this type");
    ^             ~~~~~~~~~~~~~~~~~~~~~~~~~~~~~~~~~~~~~~~~~~~~~~~~~~~~~~~~~~~~~~~~
1 error generated.
make[2]: *** [CMakeFiles/cmTC_0d316.dir/src.cxx.o] Error 1
make[1]: *** [cmTC_0d316/fast] Error 2

Source file was:

#include <type_traits>
#include <stdint.h>
#include <stdio.h>
#include <gmp.h>
int main()
{
    static_assert(std::is_same<decltype(__mpz_struct::_mp_size), long long>::value, "not this type");
    return 0;
}

Performing C++ SOURCE FILE Test MPZ_INTERNAL_SIZE_T_IS_COMPATIBLE_WITH_LONG_LONG failed with the following output:
Change Dir: /Users/samernajjar/Desktop/cado-nfs-master/build/Samers-MBP/CMakeFiles/CMakeTmp

Run Build Command:"/Library/Developer/CommandLineTools/usr/bin/make" "cmTC_40640/fast"
/Library/Developer/CommandLineTools/usr/bin/make -f CMakeFiles/cmTC_40640.dir/build.make CMakeFiles/cmTC_40640.dir/build
Building CXX object CMakeFiles/cmTC_40640.dir/src.cxx.o
/Library/Developer/CommandLineTools/usr/bin/c++    -I/opt/anaconda3/include  -std=c++11 -O2  -DMPZ_INTERNAL_SIZE_T_IS_COMPATIBLE_WITH_LONG_LONG -isysroot /Library/Developer/CommandLineTools/SDKs/MacOSX12.1.sdk -mmacosx-version-min=11.6   -o CMakeFiles/cmTC_40640.dir/src.cxx.o -c /Users/samernajjar/Desktop/cado-nfs-master/build/Samers-MBP/CMakeFiles/CMakeTmp/src.cxx
/Users/samernajjar/Desktop/cado-nfs-master/build/Samers-MBP/CMakeFiles/CMakeTmp/src.cxx:8:5: error: static_assert failed due to requirement 'std::is_same<int, long long>::value || (sizeof(int) == sizeof(long long) && std::is_signed<int>::value == std::is_signed<long long>::value)' "not this type"
    static_assert(std::is_same<decltype(__mpz_struct::_mp_size), long long>::value ||
    ^             ~~~~~~~~~~~~~~~~~~~~~~~~~~~~~~~~~~~~~~~~~~~~~~~~~~~~~~~~~~~~~~~~~~~
1 error generated.
make[2]: *** [CMakeFiles/cmTC_40640.dir/src.cxx.o] Error 1
make[1]: *** [cmTC_40640/fast] Error 2

Source file was:

#include <type_traits>
#include <stdint.h>
#include <stdio.h>
#include <gmp.h>
int main()
{
    static_assert(std::is_same<decltype(__mpz_struct::_mp_size), long long>::value ||
        (sizeof(decltype(__mpz_struct::_mp_size)) == sizeof(long long)
        && std::is_signed<decltype(__mpz_struct::_mp_size)>::value == std::is_signed<long long>::value)
        , "not this type");
    return 0;
}

Performing C++ SOURCE FILE Test MPZ_INTERNAL_SIZE_T_IS_EXACTLY_LONG failed with the following output:
Change Dir: /Users/samernajjar/Desktop/cado-nfs-master/build/Samers-MBP/CMakeFiles/CMakeTmp

Run Build Command:"/Library/Developer/CommandLineTools/usr/bin/make" "cmTC_e3c5a/fast"
/Library/Developer/CommandLineTools/usr/bin/make -f CMakeFiles/cmTC_e3c5a.dir/build.make CMakeFiles/cmTC_e3c5a.dir/build
Building CXX object CMakeFiles/cmTC_e3c5a.dir/src.cxx.o
/Library/Developer/CommandLineTools/usr/bin/c++    -I/opt/anaconda3/include  -std=c++11 -O2  -DMPZ_INTERNAL_SIZE_T_IS_EXACTLY_LONG -isysroot /Library/Developer/CommandLineTools/SDKs/MacOSX12.1.sdk -mmacosx-version-min=11.6   -o CMakeFiles/cmTC_e3c5a.dir/src.cxx.o -c /Users/samernajjar/Desktop/cado-nfs-master/build/Samers-MBP/CMakeFiles/CMakeTmp/src.cxx
/Users/samernajjar/Desktop/cado-nfs-master/build/Samers-MBP/CMakeFiles/CMakeTmp/src.cxx:8:5: error: static_assert failed due to requirement 'std::is_same<int, long>::value' "not this type"
    static_assert(std::is_same<decltype(__mpz_struct::_mp_size), long>::value, "not this type");
    ^             ~~~~~~~~~~~~~~~~~~~~~~~~~~~~~~~~~~~~~~~~~~~~~~~~~~~~~~~~~~~
1 error generated.
make[2]: *** [CMakeFiles/cmTC_e3c5a.dir/src.cxx.o] Error 1
make[1]: *** [cmTC_e3c5a/fast] Error 2

Source file was:

#include <type_traits>
#include <stdint.h>
#include <stdio.h>
#include <gmp.h>
int main()
{
    static_assert(std::is_same<decltype(__mpz_struct::_mp_size), long>::value, "not this type");
    return 0;
}

Performing C++ SOURCE FILE Test MPZ_INTERNAL_SIZE_T_IS_COMPATIBLE_WITH_LONG failed with the following output:
Change Dir: /Users/samernajjar/Desktop/cado-nfs-master/build/Samers-MBP/CMakeFiles/CMakeTmp

Run Build Command:"/Library/Developer/CommandLineTools/usr/bin/make" "cmTC_94993/fast"
/Library/Developer/CommandLineTools/usr/bin/make -f CMakeFiles/cmTC_94993.dir/build.make CMakeFiles/cmTC_94993.dir/build
Building CXX object CMakeFiles/cmTC_94993.dir/src.cxx.o
/Library/Developer/CommandLineTools/usr/bin/c++    -I/opt/anaconda3/include  -std=c++11 -O2  -DMPZ_INTERNAL_SIZE_T_IS_COMPATIBLE_WITH_LONG -isysroot /Library/Developer/CommandLineTools/SDKs/MacOSX12.1.sdk -mmacosx-version-min=11.6   -o CMakeFiles/cmTC_94993.dir/src.cxx.o -c /Users/samernajjar/Desktop/cado-nfs-master/build/Samers-MBP/CMakeFiles/CMakeTmp/src.cxx
/Users/samernajjar/Desktop/cado-nfs-master/build/Samers-MBP/CMakeFiles/CMakeTmp/src.cxx:8:5: error: static_assert failed due to requirement 'std::is_same<int, long>::value || (sizeof(int) == sizeof(long) && std::is_signed<int>::value == std::is_signed<long>::value)' "not this type"
    static_assert(std::is_same<decltype(__mpz_struct::_mp_size), long>::value ||
    ^             ~~~~~~~~~~~~~~~~~~~~~~~~~~~~~~~~~~~~~~~~~~~~~~~~~~~~~~~~~~~~~~
1 error generated.
make[2]: *** [CMakeFiles/cmTC_94993.dir/src.cxx.o] Error 1
make[1]: *** [cmTC_94993/fast] Error 2

Source file was:

#include <type_traits>
#include <stdint.h>
#include <stdio.h>
#include <gmp.h>
int main()
{
    static_assert(std::is_same<decltype(__mpz_struct::_mp_size), long>::value ||
        (sizeof(decltype(__mpz_struct::_mp_size)) == sizeof(long)
        && std::is_signed<decltype(__mpz_struct::_mp_size)>::value == std::is_signed<long>::value)
        , "not this type");
    return 0;
}

Performing C++ SOURCE FILE Test HAVE_STDCPP_MATH_SPEC_FUNCS failed with the following output:
Change Dir: /Users/samernajjar/Desktop/cado-nfs-master/build/Samers-MBP/CMakeFiles/CMakeTmp

Run Build Command:"/Library/Developer/CommandLineTools/usr/bin/make" "cmTC_640eb/fast"
/Library/Developer/CommandLineTools/usr/bin/make -f CMakeFiles/cmTC_640eb.dir/build.make CMakeFiles/cmTC_640eb.dir/build
Building CXX object CMakeFiles/cmTC_640eb.dir/src.cxx.o
/Library/Developer/CommandLineTools/usr/bin/c++     -std=c++11 -O2  -mpopcnt -mavx -mavx2 -mpclmul -DHAVE_STDCPP_MATH_SPEC_FUNCS -isysroot /Library/Developer/CommandLineTools/SDKs/MacOSX12.1.sdk -mmacosx-version-min=11.6   -o CMakeFiles/cmTC_640eb.dir/src.cxx.o -c /Users/samernajjar/Desktop/cado-nfs-master/build/Samers-MBP/CMakeFiles/CMakeTmp/src.cxx
/Users/samernajjar/Desktop/cado-nfs-master/build/Samers-MBP/CMakeFiles/CMakeTmp/src.cxx:7:17: error: no member named 'expint' in namespace 'std'
    return std::expint(log(p1)) - std::expint(log(p0));
           ~~~~~^
/Users/samernajjar/Desktop/cado-nfs-master/build/Samers-MBP/CMakeFiles/CMakeTmp/src.cxx:7:40: error: no member named 'expint' in namespace 'std'
    return std::expint(log(p1)) - std::expint(log(p0));
                                  ~~~~~^
2 errors generated.
make[2]: *** [CMakeFiles/cmTC_640eb.dir/src.cxx.o] Error 1
make[1]: *** [cmTC_640eb/fast] Error 2

Source file was:

#define __STDCPP_MATH_SPEC_FUNCS__ 201003L
#define __STDCPP_WANT_MATH_SPEC_FUNCS__ 1       /* for expint() */
#include <cmath>

double foo(size_t p0, size_t p1) {
    return std::expint(log(p1)) - std::expint(log(p0));
}

int main() {
    return foo(17, 42) >= 3 ? 0 : 1;
}


Determining if files linux/binfmts.h exist failed with the following output:
Change Dir: /Users/samernajjar/Desktop/cado-nfs-master/build/Samers-MBP/CMakeFiles/CMakeTmp

Run Build Command:"/Library/Developer/CommandLineTools/usr/bin/make" "cmTC_214be/fast"
/Library/Developer/CommandLineTools/usr/bin/make -f CMakeFiles/cmTC_214be.dir/build.make CMakeFiles/cmTC_214be.dir/build
Building C object CMakeFiles/cmTC_214be.dir/CheckIncludeFiles.c.o
/Library/Developer/CommandLineTools/usr/bin/cc    -std=c99 -W -Wall -O2  -mpopcnt -mavx -mavx2 -mpclmul  -isysroot /Library/Developer/CommandLineTools/SDKs/MacOSX12.1.sdk -mmacosx-version-min=11.6   -o CMakeFiles/cmTC_214be.dir/CheckIncludeFiles.c.o   -c /Users/samernajjar/Desktop/cado-nfs-master/build/Samers-MBP/CMakeFiles/CMakeTmp/CheckIncludeFiles.c
/Users/samernajjar/Desktop/cado-nfs-master/build/Samers-MBP/CMakeFiles/CMakeTmp/CheckIncludeFiles.c:2:10: fatal error: 'linux/binfmts.h' file not found
#include <linux/binfmts.h>
         ^~~~~~~~~~~~~~~~~
1 error generated.
make[2]: *** [CMakeFiles/cmTC_214be.dir/CheckIncludeFiles.c.o] Error 1
make[1]: *** [cmTC_214be/fast] Error 2

Source:
/* */
#include <linux/binfmts.h>


int main(void){return 0;}

Performing C++ SOURCE FILE Test HAVE_GLIBC_VECTOR_INTERNALS failed with the following output:
Change Dir: /Users/samernajjar/Desktop/cado-nfs-master/build/Samers-MBP/CMakeFiles/CMakeTmp

Run Build Command:"/Library/Developer/CommandLineTools/usr/bin/make" "cmTC_87a19/fast"
/Library/Developer/CommandLineTools/usr/bin/make -f CMakeFiles/cmTC_87a19.dir/build.make CMakeFiles/cmTC_87a19.dir/build
Building CXX object CMakeFiles/cmTC_87a19.dir/src.cxx.o
/Library/Developer/CommandLineTools/usr/bin/c++     -std=c++11 -O2  -mpopcnt -mavx -mavx2 -mpclmul -DHAVE_GLIBC_VECTOR_INTERNALS -isysroot /Library/Developer/CommandLineTools/SDKs/MacOSX12.1.sdk -mmacosx-version-min=11.6   -o CMakeFiles/cmTC_87a19.dir/src.cxx.o -c /Users/samernajjar/Desktop/cado-nfs-master/build/Samers-MBP/CMakeFiles/CMakeTmp/src.cxx
/Users/samernajjar/Desktop/cado-nfs-master/build/Samers-MBP/CMakeFiles/CMakeTmp/src.cxx:11:26: error: no member named '_M_impl' in 'std::vector<int>'
        void * x = Base::_M_impl._M_start;
                   ~~~~~~^
/Users/samernajjar/Desktop/cado-nfs-master/build/Samers-MBP/CMakeFiles/CMakeTmp/src.cxx:12:26: error: no member named '_M_impl' in 'std::vector<int>'
        void * y = Base::_M_impl._M_finish;
                   ~~~~~~^
/Users/samernajjar/Desktop/cado-nfs-master/build/Samers-MBP/CMakeFiles/CMakeTmp/src.cxx:13:26: error: no member named '_M_impl' in 'std::vector<int>'
        void * z = Base::_M_impl._M_end_of_storage;
                   ~~~~~~^
/Users/samernajjar/Desktop/cado-nfs-master/build/Samers-MBP/CMakeFiles/CMakeTmp/src.cxx:16:50: error: no member named '_M_get_Tp_allocator' in 'std::vector<int>'
    Base::allocator_type * bar() { return &Base::_M_get_Tp_allocator(); };
                                           ~~~~~~^
4 errors generated.
make[2]: *** [CMakeFiles/cmTC_87a19.dir/src.cxx.o] Error 1
make[1]: *** [cmTC_87a19/fast] Error 2

Source file was:

#ifdef __OpenBSD__
#error "forcibly disabling mmappable vectors for openbsd"
#endif
#include <vector>

struct fred : public std::vector<int> {
    typedef std::vector<int> Base;
    fred(size_type n, int a) : Base(n, a) {}
    bool foo() {
        void * x = Base::_M_impl._M_start;
        void * y = Base::_M_impl._M_finish;
        void * z = Base::_M_impl._M_end_of_storage;
        return x == y || x == z;
    }
    Base::allocator_type * bar() { return &Base::_M_get_Tp_allocator(); };
};

int main() {
    fred F(12, 1);
}

Determining if the function pthread_barrier_wait exists failed with the following output:
Change Dir: /Users/samernajjar/Desktop/cado-nfs-master/build/Samers-MBP/CMakeFiles/CMakeTmp

Run Build Command:"/Library/Developer/CommandLineTools/usr/bin/make" "cmTC_a762a/fast"
/Library/Developer/CommandLineTools/usr/bin/make -f CMakeFiles/cmTC_a762a.dir/build.make CMakeFiles/cmTC_a762a.dir/build
Building C object CMakeFiles/cmTC_a762a.dir/CheckFunctionExists.c.o
/Library/Developer/CommandLineTools/usr/bin/cc    -std=c99 -W -Wall -O2  -mpopcnt -mavx -mavx2 -mpclmul -DCHECK_FUNCTION_EXISTS=pthread_barrier_wait -isysroot /Library/Developer/CommandLineTools/SDKs/MacOSX12.1.sdk -mmacosx-version-min=11.6   -o CMakeFiles/cmTC_a762a.dir/CheckFunctionExists.c.o   -c /Users/samernajjar/Desktop/cado-nfs-master/cmake-installed/share/cmake-3.4/Modules/CheckFunctionExists.c
Linking C executable cmTC_a762a
/Users/samernajjar/Desktop/cado-nfs-master/cmake-installed/bin/cmake -E cmake_link_script CMakeFiles/cmTC_a762a.dir/link.txt --verbose=1
/Library/Developer/CommandLineTools/usr/bin/cc  -std=c99 -W -Wall -O2  -mpopcnt -mavx -mavx2 -mpclmul -DCHECK_FUNCTION_EXISTS=pthread_barrier_wait -isysroot /Library/Developer/CommandLineTools/SDKs/MacOSX12.1.sdk -mmacosx-version-min=11.6 -Wl,-search_paths_first -Wl,-headerpad_max_install_names   CMakeFiles/cmTC_a762a.dir/CheckFunctionExists.c.o  -o cmTC_a762a 
Undefined symbols for architecture x86_64:
  "_pthread_barrier_wait", referenced from:
      _main in CheckFunctionExists.c.o
ld: symbol(s) not found for architecture x86_64
clang: error: linker command failed with exit code 1 (use -v to see invocation)
make[2]: *** [cmTC_a762a] Error 1
make[1]: *** [cmTC_a762a/fast] Error 2


Determining if the function pthread_barrier_wait exists failed with the following output:
Change Dir: /Users/samernajjar/Desktop/cado-nfs-master/build/Samers-MBP/CMakeFiles/CMakeTmp

Run Build Command:"/Library/Developer/CommandLineTools/usr/bin/make" "cmTC_ceab1/fast"
/Library/Developer/CommandLineTools/usr/bin/make -f CMakeFiles/cmTC_ceab1.dir/build.make CMakeFiles/cmTC_ceab1.dir/build
Building C object CMakeFiles/cmTC_ceab1.dir/CheckFunctionExists.c.o
/Library/Developer/CommandLineTools/usr/bin/cc    -std=c99 -W -Wall -O2  -mpopcnt -mavx -mavx2 -mpclmul -DCHECK_FUNCTION_EXISTS=pthread_barrier_wait -isysroot /Library/Developer/CommandLineTools/SDKs/MacOSX12.1.sdk -mmacosx-version-min=11.6   -o CMakeFiles/cmTC_ceab1.dir/CheckFunctionExists.c.o   -c /Users/samernajjar/Desktop/cado-nfs-master/cmake-installed/share/cmake-3.4/Modules/CheckFunctionExists.c
Linking C executable cmTC_ceab1
/Users/samernajjar/Desktop/cado-nfs-master/cmake-installed/bin/cmake -E cmake_link_script CMakeFiles/cmTC_ceab1.dir/link.txt --verbose=1
/Library/Developer/CommandLineTools/usr/bin/cc  -std=c99 -W -Wall -O2  -mpopcnt -mavx -mavx2 -mpclmul -DCHECK_FUNCTION_EXISTS=pthread_barrier_wait -isysroot /Library/Developer/CommandLineTools/SDKs/MacOSX12.1.sdk -mmacosx-version-min=11.6 -Wl,-search_paths_first -Wl,-headerpad_max_install_names   CMakeFiles/cmTC_ceab1.dir/CheckFunctionExists.c.o  -o cmTC_ceab1 -lrt 
ld: library not found for -lrt
clang: error: linker command failed with exit code 1 (use -v to see invocation)
make[2]: *** [cmTC_ceab1] Error 1
make[1]: *** [cmTC_ceab1/fast] Error 2


Performing C SOURCE FILE Test OpenMP_FLAG_DETECTED failed with the following output:
Change Dir: /Users/samernajjar/Desktop/cado-nfs-master/build/Samers-MBP/CMakeFiles/CMakeTmp

Run Build Command:"/Library/Developer/CommandLineTools/usr/bin/make" "cmTC_9b5f8/fast"
/Library/Developer/CommandLineTools/usr/bin/make -f CMakeFiles/cmTC_9b5f8.dir/build.make CMakeFiles/cmTC_9b5f8.dir/build
Building C object CMakeFiles/cmTC_9b5f8.dir/src.c.o
/Library/Developer/CommandLineTools/usr/bin/cc    -std=c99 -W -Wall -O2  -mpopcnt -mavx -mavx2 -mpclmul -DOpenMP_FLAG_DETECTED -isysroot /Library/Developer/CommandLineTools/SDKs/MacOSX12.1.sdk -mmacosx-version-min=11.6   -o CMakeFiles/cmTC_9b5f8.dir/src.c.o   -c /Users/samernajjar/Desktop/cado-nfs-master/build/Samers-MBP/CMakeFiles/CMakeTmp/src.c
/Users/samernajjar/Desktop/cado-nfs-master/build/Samers-MBP/CMakeFiles/CMakeTmp/src.c:2:10: fatal error: 'omp.h' file not found
#include <omp.h>
         ^~~~~~~
1 error generated.
make[2]: *** [CMakeFiles/cmTC_9b5f8.dir/src.c.o] Error 1
make[1]: *** [cmTC_9b5f8/fast] Error 2

Source file was:

#include <omp.h>
int main() {
#ifdef _OPENMP
  return 0;
#else
  breaks_on_purpose
#endif
}

Performing C SOURCE FILE Test OpenMP_FLAG_DETECTED failed with the following output:
Change Dir: /Users/samernajjar/Desktop/cado-nfs-master/build/Samers-MBP/CMakeFiles/CMakeTmp

Run Build Command:"/Library/Developer/CommandLineTools/usr/bin/make" "cmTC_766fd/fast"
/Library/Developer/CommandLineTools/usr/bin/make -f CMakeFiles/cmTC_766fd.dir/build.make CMakeFiles/cmTC_766fd.dir/build
Building C object CMakeFiles/cmTC_766fd.dir/src.c.o
/Library/Developer/CommandLineTools/usr/bin/cc    -std=c99 -W -Wall -O2  -mpopcnt -mavx -mavx2 -mpclmul -DOpenMP_FLAG_DETECTED -fopenmp -isysroot /Library/Developer/CommandLineTools/SDKs/MacOSX12.1.sdk -mmacosx-version-min=11.6   -o CMakeFiles/cmTC_766fd.dir/src.c.o   -c /Users/samernajjar/Desktop/cado-nfs-master/build/Samers-MBP/CMakeFiles/CMakeTmp/src.c
clang: error: unsupported option '-fopenmp'
make[2]: *** [CMakeFiles/cmTC_766fd.dir/src.c.o] Error 1
make[1]: *** [cmTC_766fd/fast] Error 2

Source file was:

#include <omp.h>
int main() {
#ifdef _OPENMP
  return 0;
#else
  breaks_on_purpose
#endif
}

Performing C SOURCE FILE Test OpenMP_FLAG_DETECTED failed with the following output:
Change Dir: /Users/samernajjar/Desktop/cado-nfs-master/build/Samers-MBP/CMakeFiles/CMakeTmp

Run Build Command:"/Library/Developer/CommandLineTools/usr/bin/make" "cmTC_4c4f4/fast"
/Library/Developer/CommandLineTools/usr/bin/make -f CMakeFiles/cmTC_4c4f4.dir/build.make CMakeFiles/cmTC_4c4f4.dir/build
Building C object CMakeFiles/cmTC_4c4f4.dir/src.c.o
/Library/Developer/CommandLineTools/usr/bin/cc    -std=c99 -W -Wall -O2  -mpopcnt -mavx -mavx2 -mpclmul -DOpenMP_FLAG_DETECTED /openmp -isysroot /Library/Developer/CommandLineTools/SDKs/MacOSX12.1.sdk -mmacosx-version-min=11.6   -o CMakeFiles/cmTC_4c4f4.dir/src.c.o   -c /Users/samernajjar/Desktop/cado-nfs-master/build/Samers-MBP/CMakeFiles/CMakeTmp/src.c
clang: error: no such file or directory: '/openmp'
make[2]: *** [CMakeFiles/cmTC_4c4f4.dir/src.c.o] Error 1
make[1]: *** [cmTC_4c4f4/fast] Error 2

Source file was:

#include <omp.h>
int main() {
#ifdef _OPENMP
  return 0;
#else
  breaks_on_purpose
#endif
}

Performing C SOURCE FILE Test OpenMP_FLAG_DETECTED failed with the following output:
Change Dir: /Users/samernajjar/Desktop/cado-nfs-master/build/Samers-MBP/CMakeFiles/CMakeTmp

Run Build Command:"/Library/Developer/CommandLineTools/usr/bin/make" "cmTC_b4f9f/fast"
/Library/Developer/CommandLineTools/usr/bin/make -f CMakeFiles/cmTC_b4f9f.dir/build.make CMakeFiles/cmTC_b4f9f.dir/build
Building C object CMakeFiles/cmTC_b4f9f.dir/src.c.o
/Library/Developer/CommandLineTools/usr/bin/cc    -std=c99 -W -Wall -O2  -mpopcnt -mavx -mavx2 -mpclmul -DOpenMP_FLAG_DETECTED -Qopenmp -isysroot /Library/Developer/CommandLineTools/SDKs/MacOSX12.1.sdk -mmacosx-version-min=11.6   -o CMakeFiles/cmTC_b4f9f.dir/src.c.o   -c /Users/samernajjar/Desktop/cado-nfs-master/build/Samers-MBP/CMakeFiles/CMakeTmp/src.c
clang: error: unknown argument '-Qopenmp'; did you mean '-fopenmp'?
make[2]: *** [CMakeFiles/cmTC_b4f9f.dir/src.c.o] Error 1
make[1]: *** [cmTC_b4f9f/fast] Error 2

Source file was:

#include <omp.h>
int main() {
#ifdef _OPENMP
  return 0;
#else
  breaks_on_purpose
#endif
}

Performing C SOURCE FILE Test OpenMP_FLAG_DETECTED failed with the following output:
Change Dir: /Users/samernajjar/Desktop/cado-nfs-master/build/Samers-MBP/CMakeFiles/CMakeTmp

Run Build Command:"/Library/Developer/CommandLineTools/usr/bin/make" "cmTC_bb038/fast"
/Library/Developer/CommandLineTools/usr/bin/make -f CMakeFiles/cmTC_bb038.dir/build.make CMakeFiles/cmTC_bb038.dir/build
Building C object CMakeFiles/cmTC_bb038.dir/src.c.o
/Library/Developer/CommandLineTools/usr/bin/cc    -std=c99 -W -Wall -O2  -mpopcnt -mavx -mavx2 -mpclmul -DOpenMP_FLAG_DETECTED -openmp -isysroot /Library/Developer/CommandLineTools/SDKs/MacOSX12.1.sdk -mmacosx-version-min=11.6   -o CMakeFiles/cmTC_bb038.dir/src.c.o   -c /Users/samernajjar/Desktop/cado-nfs-master/build/Samers-MBP/CMakeFiles/CMakeTmp/src.c
/Users/samernajjar/Desktop/cado-nfs-master/build/Samers-MBP/CMakeFiles/CMakeTmp/src.c:2:10: fatal error: 'omp.h' file not found
#include <omp.h>
         ^~~~~~~
1 error generated.
make[2]: *** [CMakeFiles/cmTC_bb038.dir/src.c.o] Error 1
make[1]: *** [cmTC_bb038/fast] Error 2

Source file was:

#include <omp.h>
int main() {
#ifdef _OPENMP
  return 0;
#else
  breaks_on_purpose
#endif
}

Performing C SOURCE FILE Test OpenMP_FLAG_DETECTED failed with the following output:
Change Dir: /Users/samernajjar/Desktop/cado-nfs-master/build/Samers-MBP/CMakeFiles/CMakeTmp

Run Build Command:"/Library/Developer/CommandLineTools/usr/bin/make" "cmTC_9bbb1/fast"
/Library/Developer/CommandLineTools/usr/bin/make -f CMakeFiles/cmTC_9bbb1.dir/build.make CMakeFiles/cmTC_9bbb1.dir/build
Building C object CMakeFiles/cmTC_9bbb1.dir/src.c.o
/Library/Developer/CommandLineTools/usr/bin/cc    -std=c99 -W -Wall -O2  -mpopcnt -mavx -mavx2 -mpclmul -DOpenMP_FLAG_DETECTED -xopenmp -isysroot /Library/Developer/CommandLineTools/SDKs/MacOSX12.1.sdk -mmacosx-version-min=11.6   -o CMakeFiles/cmTC_9bbb1.dir/src.c.o   -c /Users/samernajjar/Desktop/cado-nfs-master/build/Samers-MBP/CMakeFiles/CMakeTmp/src.c
clang: error: language not recognized: 'openmp'
clang: warning: /Users/samernajjar/Desktop/cado-nfs-master/build/Samers-MBP/CMakeFiles/CMakeTmp/src.c: 'linker' input unused [-Wunused-command-line-argument]
make[2]: *** [CMakeFiles/cmTC_9bbb1.dir/src.c.o] Error 1
make[1]: *** [cmTC_9bbb1/fast] Error 2

Source file was:

#include <omp.h>
int main() {
#ifdef _OPENMP
  return 0;
#else
  breaks_on_purpose
#endif
}

Performing C SOURCE FILE Test OpenMP_FLAG_DETECTED failed with the following output:
Change Dir: /Users/samernajjar/Desktop/cado-nfs-master/build/Samers-MBP/CMakeFiles/CMakeTmp

Run Build Command:"/Library/Developer/CommandLineTools/usr/bin/make" "cmTC_242dd/fast"
/Library/Developer/CommandLineTools/usr/bin/make -f CMakeFiles/cmTC_242dd.dir/build.make CMakeFiles/cmTC_242dd.dir/build
Building C object CMakeFiles/cmTC_242dd.dir/src.c.o
/Library/Developer/CommandLineTools/usr/bin/cc    -std=c99 -W -Wall -O2  -mpopcnt -mavx -mavx2 -mpclmul -DOpenMP_FLAG_DETECTED +Oopenmp -isysroot /Library/Developer/CommandLineTools/SDKs/MacOSX12.1.sdk -mmacosx-version-min=11.6   -o CMakeFiles/cmTC_242dd.dir/src.c.o   -c /Users/samernajjar/Desktop/cado-nfs-master/build/Samers-MBP/CMakeFiles/CMakeTmp/src.c
clang: error: no such file or directory: '+Oopenmp'
make[2]: *** [CMakeFiles/cmTC_242dd.dir/src.c.o] Error 1
make[1]: *** [cmTC_242dd/fast] Error 2

Source file was:

#include <omp.h>
int main() {
#ifdef _OPENMP
  return 0;
#else
  breaks_on_purpose
#endif
}

Performing C SOURCE FILE Test OpenMP_FLAG_DETECTED failed with the following output:
Change Dir: /Users/samernajjar/Desktop/cado-nfs-master/build/Samers-MBP/CMakeFiles/CMakeTmp

Run Build Command:"/Library/Developer/CommandLineTools/usr/bin/make" "cmTC_a7d50/fast"
/Library/Developer/CommandLineTools/usr/bin/make -f CMakeFiles/cmTC_a7d50.dir/build.make CMakeFiles/cmTC_a7d50.dir/build
Building C object CMakeFiles/cmTC_a7d50.dir/src.c.o
/Library/Developer/CommandLineTools/usr/bin/cc    -std=c99 -W -Wall -O2  -mpopcnt -mavx -mavx2 -mpclmul -DOpenMP_FLAG_DETECTED -qsmp -isysroot /Library/Developer/CommandLineTools/SDKs/MacOSX12.1.sdk -mmacosx-version-min=11.6   -o CMakeFiles/cmTC_a7d50.dir/src.c.o   -c /Users/samernajjar/Desktop/cado-nfs-master/build/Samers-MBP/CMakeFiles/CMakeTmp/src.c
clang: error: unknown argument: '-qsmp'
make[2]: *** [CMakeFiles/cmTC_a7d50.dir/src.c.o] Error 1
make[1]: *** [cmTC_a7d50/fast] Error 2

Source file was:

#include <omp.h>
int main() {
#ifdef _OPENMP
  return 0;
#else
  breaks_on_purpose
#endif
}

Performing C SOURCE FILE Test OpenMP_FLAG_DETECTED failed with the following output:
Change Dir: /Users/samernajjar/Desktop/cado-nfs-master/build/Samers-MBP/CMakeFiles/CMakeTmp

Run Build Command:"/Library/Developer/CommandLineTools/usr/bin/make" "cmTC_2ed05/fast"
/Library/Developer/CommandLineTools/usr/bin/make -f CMakeFiles/cmTC_2ed05.dir/build.make CMakeFiles/cmTC_2ed05.dir/build
Building C object CMakeFiles/cmTC_2ed05.dir/src.c.o
/Library/Developer/CommandLineTools/usr/bin/cc    -std=c99 -W -Wall -O2  -mpopcnt -mavx -mavx2 -mpclmul -DOpenMP_FLAG_DETECTED -mp -isysroot /Library/Developer/CommandLineTools/SDKs/MacOSX12.1.sdk -mmacosx-version-min=11.6   -o CMakeFiles/cmTC_2ed05.dir/src.c.o   -c /Users/samernajjar/Desktop/cado-nfs-master/build/Samers-MBP/CMakeFiles/CMakeTmp/src.c
clang: error: unknown argument: '-mp'
make[2]: *** [CMakeFiles/cmTC_2ed05.dir/src.c.o] Error 1
make[1]: *** [cmTC_2ed05/fast] Error 2

Source file was:

#include <omp.h>
int main() {
#ifdef _OPENMP
  return 0;
#else
  breaks_on_purpose
#endif
}

Performing C++ SOURCE FILE Test OpenMP_FLAG_DETECTED failed with the following output:
Change Dir: /Users/samernajjar/Desktop/cado-nfs-master/build/Samers-MBP/CMakeFiles/CMakeTmp

Run Build Command:"/Library/Developer/CommandLineTools/usr/bin/make" "cmTC_79546/fast"
/Library/Developer/CommandLineTools/usr/bin/make -f CMakeFiles/cmTC_79546.dir/build.make CMakeFiles/cmTC_79546.dir/build
Building CXX object CMakeFiles/cmTC_79546.dir/src.cxx.o
/Library/Developer/CommandLineTools/usr/bin/c++     -std=c++11 -O2  -mpopcnt -mavx -mavx2 -mpclmul -DOpenMP_FLAG_DETECTED -isysroot /Library/Developer/CommandLineTools/SDKs/MacOSX12.1.sdk -mmacosx-version-min=11.6   -o CMakeFiles/cmTC_79546.dir/src.cxx.o -c /Users/samernajjar/Desktop/cado-nfs-master/build/Samers-MBP/CMakeFiles/CMakeTmp/src.cxx
/Users/samernajjar/Desktop/cado-nfs-master/build/Samers-MBP/CMakeFiles/CMakeTmp/src.cxx:2:10: fatal error: 'omp.h' file not found
#include <omp.h>
         ^~~~~~~
1 error generated.
make[2]: *** [CMakeFiles/cmTC_79546.dir/src.cxx.o] Error 1
make[1]: *** [cmTC_79546/fast] Error 2

Source file was:

#include <omp.h>
int main() {
#ifdef _OPENMP
  return 0;
#else
  breaks_on_purpose
#endif
}

Performing C++ SOURCE FILE Test OpenMP_FLAG_DETECTED failed with the following output:
Change Dir: /Users/samernajjar/Desktop/cado-nfs-master/build/Samers-MBP/CMakeFiles/CMakeTmp

Run Build Command:"/Library/Developer/CommandLineTools/usr/bin/make" "cmTC_be853/fast"
/Library/Developer/CommandLineTools/usr/bin/make -f CMakeFiles/cmTC_be853.dir/build.make CMakeFiles/cmTC_be853.dir/build
Building CXX object CMakeFiles/cmTC_be853.dir/src.cxx.o
/Library/Developer/CommandLineTools/usr/bin/c++     -std=c++11 -O2  -mpopcnt -mavx -mavx2 -mpclmul -DOpenMP_FLAG_DETECTED -fopenmp -isysroot /Library/Developer/CommandLineTools/SDKs/MacOSX12.1.sdk -mmacosx-version-min=11.6   -o CMakeFiles/cmTC_be853.dir/src.cxx.o -c /Users/samernajjar/Desktop/cado-nfs-master/build/Samers-MBP/CMakeFiles/CMakeTmp/src.cxx
clang: error: unsupported option '-fopenmp'
make[2]: *** [CMakeFiles/cmTC_be853.dir/src.cxx.o] Error 1
make[1]: *** [cmTC_be853/fast] Error 2

Source file was:

#include <omp.h>
int main() {
#ifdef _OPENMP
  return 0;
#else
  breaks_on_purpose
#endif
}

Performing C++ SOURCE FILE Test OpenMP_FLAG_DETECTED failed with the following output:
Change Dir: /Users/samernajjar/Desktop/cado-nfs-master/build/Samers-MBP/CMakeFiles/CMakeTmp

Run Build Command:"/Library/Developer/CommandLineTools/usr/bin/make" "cmTC_1b414/fast"
/Library/Developer/CommandLineTools/usr/bin/make -f CMakeFiles/cmTC_1b414.dir/build.make CMakeFiles/cmTC_1b414.dir/build
Building CXX object CMakeFiles/cmTC_1b414.dir/src.cxx.o
/Library/Developer/CommandLineTools/usr/bin/c++     -std=c++11 -O2  -mpopcnt -mavx -mavx2 -mpclmul -DOpenMP_FLAG_DETECTED /openmp -isysroot /Library/Developer/CommandLineTools/SDKs/MacOSX12.1.sdk -mmacosx-version-min=11.6   -o CMakeFiles/cmTC_1b414.dir/src.cxx.o -c /Users/samernajjar/Desktop/cado-nfs-master/build/Samers-MBP/CMakeFiles/CMakeTmp/src.cxx
clang: error: no such file or directory: '/openmp'
make[2]: *** [CMakeFiles/cmTC_1b414.dir/src.cxx.o] Error 1
make[1]: *** [cmTC_1b414/fast] Error 2

Source file was:

#include <omp.h>
int main() {
#ifdef _OPENMP
  return 0;
#else
  breaks_on_purpose
#endif
}

Performing C++ SOURCE FILE Test OpenMP_FLAG_DETECTED failed with the following output:
Change Dir: /Users/samernajjar/Desktop/cado-nfs-master/build/Samers-MBP/CMakeFiles/CMakeTmp

Run Build Command:"/Library/Developer/CommandLineTools/usr/bin/make" "cmTC_50c5d/fast"
/Library/Developer/CommandLineTools/usr/bin/make -f CMakeFiles/cmTC_50c5d.dir/build.make CMakeFiles/cmTC_50c5d.dir/build
Building CXX object CMakeFiles/cmTC_50c5d.dir/src.cxx.o
/Library/Developer/CommandLineTools/usr/bin/c++     -std=c++11 -O2  -mpopcnt -mavx -mavx2 -mpclmul -DOpenMP_FLAG_DETECTED -Qopenmp -isysroot /Library/Developer/CommandLineTools/SDKs/MacOSX12.1.sdk -mmacosx-version-min=11.6   -o CMakeFiles/cmTC_50c5d.dir/src.cxx.o -c /Users/samernajjar/Desktop/cado-nfs-master/build/Samers-MBP/CMakeFiles/CMakeTmp/src.cxx
clang: error: unknown argument '-Qopenmp'; did you mean '-fopenmp'?
make[2]: *** [CMakeFiles/cmTC_50c5d.dir/src.cxx.o] Error 1
make[1]: *** [cmTC_50c5d/fast] Error 2

Source file was:

#include <omp.h>
int main() {
#ifdef _OPENMP
  return 0;
#else
  breaks_on_purpose
#endif
}

Performing C++ SOURCE FILE Test OpenMP_FLAG_DETECTED failed with the following output:
Change Dir: /Users/samernajjar/Desktop/cado-nfs-master/build/Samers-MBP/CMakeFiles/CMakeTmp

Run Build Command:"/Library/Developer/CommandLineTools/usr/bin/make" "cmTC_47ec8/fast"
/Library/Developer/CommandLineTools/usr/bin/make -f CMakeFiles/cmTC_47ec8.dir/build.make CMakeFiles/cmTC_47ec8.dir/build
Building CXX object CMakeFiles/cmTC_47ec8.dir/src.cxx.o
/Library/Developer/CommandLineTools/usr/bin/c++     -std=c++11 -O2  -mpopcnt -mavx -mavx2 -mpclmul -DOpenMP_FLAG_DETECTED -openmp -isysroot /Library/Developer/CommandLineTools/SDKs/MacOSX12.1.sdk -mmacosx-version-min=11.6   -o CMakeFiles/cmTC_47ec8.dir/src.cxx.o -c /Users/samernajjar/Desktop/cado-nfs-master/build/Samers-MBP/CMakeFiles/CMakeTmp/src.cxx
/Users/samernajjar/Desktop/cado-nfs-master/build/Samers-MBP/CMakeFiles/CMakeTmp/src.cxx:2:10: fatal error: 'omp.h' file not found
#include <omp.h>
         ^~~~~~~
1 error generated.
make[2]: *** [CMakeFiles/cmTC_47ec8.dir/src.cxx.o] Error 1
make[1]: *** [cmTC_47ec8/fast] Error 2

Source file was:

#include <omp.h>
int main() {
#ifdef _OPENMP
  return 0;
#else
  breaks_on_purpose
#endif
}

Performing C++ SOURCE FILE Test OpenMP_FLAG_DETECTED failed with the following output:
Change Dir: /Users/samernajjar/Desktop/cado-nfs-master/build/Samers-MBP/CMakeFiles/CMakeTmp

Run Build Command:"/Library/Developer/CommandLineTools/usr/bin/make" "cmTC_8f900/fast"
/Library/Developer/CommandLineTools/usr/bin/make -f CMakeFiles/cmTC_8f900.dir/build.make CMakeFiles/cmTC_8f900.dir/build
Building CXX object CMakeFiles/cmTC_8f900.dir/src.cxx.o
/Library/Developer/CommandLineTools/usr/bin/c++     -std=c++11 -O2  -mpopcnt -mavx -mavx2 -mpclmul -DOpenMP_FLAG_DETECTED -xopenmp -isysroot /Library/Developer/CommandLineTools/SDKs/MacOSX12.1.sdk -mmacosx-version-min=11.6   -o CMakeFiles/cmTC_8f900.dir/src.cxx.o -c /Users/samernajjar/Desktop/cado-nfs-master/build/Samers-MBP/CMakeFiles/CMakeTmp/src.cxx
clang: error: language not recognized: 'openmp'
clang: warning: /Users/samernajjar/Desktop/cado-nfs-master/build/Samers-MBP/CMakeFiles/CMakeTmp/src.cxx: 'linker' input unused [-Wunused-command-line-argument]
make[2]: *** [CMakeFiles/cmTC_8f900.dir/src.cxx.o] Error 1
make[1]: *** [cmTC_8f900/fast] Error 2

Source file was:

#include <omp.h>
int main() {
#ifdef _OPENMP
  return 0;
#else
  breaks_on_purpose
#endif
}

Performing C++ SOURCE FILE Test OpenMP_FLAG_DETECTED failed with the following output:
Change Dir: /Users/samernajjar/Desktop/cado-nfs-master/build/Samers-MBP/CMakeFiles/CMakeTmp

Run Build Command:"/Library/Developer/CommandLineTools/usr/bin/make" "cmTC_0b4fa/fast"
/Library/Developer/CommandLineTools/usr/bin/make -f CMakeFiles/cmTC_0b4fa.dir/build.make CMakeFiles/cmTC_0b4fa.dir/build
Building CXX object CMakeFiles/cmTC_0b4fa.dir/src.cxx.o
/Library/Developer/CommandLineTools/usr/bin/c++     -std=c++11 -O2  -mpopcnt -mavx -mavx2 -mpclmul -DOpenMP_FLAG_DETECTED +Oopenmp -isysroot /Library/Developer/CommandLineTools/SDKs/MacOSX12.1.sdk -mmacosx-version-min=11.6   -o CMakeFiles/cmTC_0b4fa.dir/src.cxx.o -c /Users/samernajjar/Desktop/cado-nfs-master/build/Samers-MBP/CMakeFiles/CMakeTmp/src.cxx
clang: error: no such file or directory: '+Oopenmp'
make[2]: *** [CMakeFiles/cmTC_0b4fa.dir/src.cxx.o] Error 1
make[1]: *** [cmTC_0b4fa/fast] Error 2

Source file was:

#include <omp.h>
int main() {
#ifdef _OPENMP
  return 0;
#else
  breaks_on_purpose
#endif
}

Performing C++ SOURCE FILE Test OpenMP_FLAG_DETECTED failed with the following output:
Change Dir: /Users/samernajjar/Desktop/cado-nfs-master/build/Samers-MBP/CMakeFiles/CMakeTmp

Run Build Command:"/Library/Developer/CommandLineTools/usr/bin/make" "cmTC_ed801/fast"
/Library/Developer/CommandLineTools/usr/bin/make -f CMakeFiles/cmTC_ed801.dir/build.make CMakeFiles/cmTC_ed801.dir/build
Building CXX object CMakeFiles/cmTC_ed801.dir/src.cxx.o
/Library/Developer/CommandLineTools/usr/bin/c++     -std=c++11 -O2  -mpopcnt -mavx -mavx2 -mpclmul -DOpenMP_FLAG_DETECTED -qsmp -isysroot /Library/Developer/CommandLineTools/SDKs/MacOSX12.1.sdk -mmacosx-version-min=11.6   -o CMakeFiles/cmTC_ed801.dir/src.cxx.o -c /Users/samernajjar/Desktop/cado-nfs-master/build/Samers-MBP/CMakeFiles/CMakeTmp/src.cxx
clang: error: unknown argument: '-qsmp'
make[2]: *** [CMakeFiles/cmTC_ed801.dir/src.cxx.o] Error 1
make[1]: *** [cmTC_ed801/fast] Error 2

Source file was:

#include <omp.h>
int main() {
#ifdef _OPENMP
  return 0;
#else
  breaks_on_purpose
#endif
}

Performing C++ SOURCE FILE Test OpenMP_FLAG_DETECTED failed with the following output:
Change Dir: /Users/samernajjar/Desktop/cado-nfs-master/build/Samers-MBP/CMakeFiles/CMakeTmp

Run Build Command:"/Library/Developer/CommandLineTools/usr/bin/make" "cmTC_477a7/fast"
/Library/Developer/CommandLineTools/usr/bin/make -f CMakeFiles/cmTC_477a7.dir/build.make CMakeFiles/cmTC_477a7.dir/build
Building CXX object CMakeFiles/cmTC_477a7.dir/src.cxx.o
/Library/Developer/CommandLineTools/usr/bin/c++     -std=c++11 -O2  -mpopcnt -mavx -mavx2 -mpclmul -DOpenMP_FLAG_DETECTED -mp -isysroot /Library/Developer/CommandLineTools/SDKs/MacOSX12.1.sdk -mmacosx-version-min=11.6   -o CMakeFiles/cmTC_477a7.dir/src.cxx.o -c /Users/samernajjar/Desktop/cado-nfs-master/build/Samers-MBP/CMakeFiles/CMakeTmp/src.cxx
clang: error: unknown argument: '-mp'
make[2]: *** [CMakeFiles/cmTC_477a7.dir/src.cxx.o] Error 1
make[1]: *** [cmTC_477a7/fast] Error 2

Source file was:

#include <omp.h>
int main() {
#ifdef _OPENMP
  return 0;
#else
  breaks_on_purpose
#endif
}

